<?xml version="1.0" encoding="UTF-8"?>
<coverage generated="1765775119128" clover="3.2.0">
  <project timestamp="1765775119128" name="All files">
    <metrics statements="380" coveredstatements="342" conditionals="290" coveredconditionals="216" methods="65" coveredmethods="62" elements="735" coveredelements="620" complexity="0" loc="380" ncloc="380" packages="6" files="6" classes="6"/>
    <package name="src">
      <metrics statements="7" coveredstatements="7" conditionals="0" coveredconditionals="0" methods="0" coveredmethods="0"/>
      <file name="index.js" path="/Users/adarsh/Documents/atlassian-williams-project/src/index.js">
        <metrics statements="7" coveredstatements="7" conditionals="0" coveredconditionals="0" methods="0" coveredmethods="0"/>
        <line num="1" count="2" type="stmt"/>
        <line num="2" count="2" type="stmt"/>
        <line num="3" count="2" type="stmt"/>
        <line num="5" count="2" type="stmt"/>
        <line num="8" count="2" type="stmt"/>
        <line num="9" count="2" type="stmt"/>
        <line num="11" count="2" type="stmt"/>
      </file>
    </package>
    <package name="src.agents">
      <metrics statements="70" coveredstatements="68" conditionals="57" coveredconditionals="52" methods="15" coveredmethods="15"/>
      <file name="memoryArchaeologist.js" path="/Users/adarsh/Documents/atlassian-williams-project/src/agents/memoryArchaeologist.js">
        <metrics statements="70" coveredstatements="68" conditionals="57" coveredconditionals="52" methods="15" coveredmethods="15"/>
        <line num="6" count="3" type="stmt"/>
        <line num="7" count="3" type="stmt"/>
        <line num="8" count="3" type="stmt"/>
        <line num="13" count="3" type="stmt"/>
        <line num="23" count="3" type="stmt"/>
        <line num="66" count="16" type="stmt"/>
        <line num="68" count="16" type="stmt"/>
        <line num="82" count="18" type="stmt"/>
        <line num="83" count="18" type="stmt"/>
        <line num="84" count="18" type="stmt"/>
        <line num="94" count="12" type="stmt"/>
        <line num="96" count="12" type="stmt"/>
        <line num="97" count="18" type="stmt"/>
        <line num="101" count="12" type="stmt"/>
        <line num="104" count="12" type="stmt"/>
        <line num="106" count="12" type="stmt"/>
        <line num="114" count="4" type="stmt"/>
        <line num="117" count="12" type="stmt"/>
        <line num="124" count="12" type="stmt"/>
        <line num="127" count="0" type="stmt"/>
        <line num="133" count="0" type="stmt"/>
        <line num="143" count="16" type="stmt"/>
        <line num="146" count="16" type="stmt"/>
        <line num="152" count="16" type="stmt"/>
        <line num="154" count="16" type="stmt"/>
        <line num="155" count="240" type="cond" truecount="2" falsecount="0"/>
        <line num="156" count="45" type="stmt"/>
        <line num="161" count="16" type="stmt"/>
        <line num="162" count="16" type="cond" truecount="2" falsecount="0"/>
        <line num="163" count="6" type="stmt"/>
        <line num="167" count="16" type="stmt"/>
        <line num="168" count="16" type="cond" truecount="2" falsecount="0"/>
        <line num="169" count="6" type="stmt"/>
        <line num="170" count="19" type="stmt"/>
        <line num="171" count="19" type="cond" truecount="4" falsecount="0"/>
        <line num="172" count="18" type="stmt"/>
        <line num="177" count="16" type="stmt"/>
        <line num="186" count="15" type="cond" truecount="4" falsecount="0"/>
        <line num="188" count="13" type="stmt"/>
        <line num="190" count="13" type="stmt"/>
        <line num="191" count="20" type="stmt"/>
        <line num="194" count="20" type="cond" truecount="2" falsecount="0"/>
        <line num="195" count="20" type="cond" truecount="2" falsecount="0"/>
        <line num="196" count="9" type="cond" truecount="2" falsecount="0"/>
        <line num="197" count="6" type="cond" truecount="2" falsecount="0"/>
        <line num="200" count="20" type="cond" truecount="4" falsecount="0"/>
        <line num="201" count="20" type="cond" truecount="4" falsecount="0"/>
        <line num="202" count="20" type="cond" truecount="4" falsecount="0"/>
        <line num="205" count="20" type="cond" truecount="2" falsecount="0"/>
        <line num="206" count="20" type="stmt"/>
        <line num="208" count="20" type="stmt"/>
        <line num="211" count="13" type="stmt"/>
        <line num="220" count="10" type="stmt"/>
        <line num="240" count="10" type="stmt"/>
        <line num="253" count="3" type="cond" truecount="1" falsecount="1"/>
        <line num="256" count="3" type="cond" truecount="4" falsecount="0"/>
        <line num="257" count="1" type="stmt"/>
        <line num="258" count="1" type="stmt"/>
        <line num="260" count="1" type="stmt"/>
        <line num="263" count="2" type="stmt"/>
        <line num="271" count="2" type="stmt"/>
        <line num="273" count="2" type="cond" truecount="1" falsecount="1"/>
        <line num="274" count="2" type="cond" truecount="1" falsecount="1"/>
        <line num="275" count="2" type="cond" truecount="1" falsecount="1"/>
        <line num="277" count="2" type="cond" truecount="2" falsecount="0"/>
        <line num="278" count="1" type="stmt"/>
        <line num="281" count="2" type="cond" truecount="2" falsecount="0"/>
        <line num="282" count="1" type="stmt"/>
        <line num="285" count="2" type="stmt"/>
        <line num="292" count="3" type="stmt"/>
      </file>
    </package>
    <package name="src.models">
      <metrics statements="87" coveredstatements="71" conditionals="77" coveredconditionals="45" methods="17" coveredmethods="14"/>
      <file name="index.js" path="/Users/adarsh/Documents/atlassian-williams-project/src/models/index.js">
        <metrics statements="87" coveredstatements="71" conditionals="77" coveredconditionals="45" methods="17" coveredmethods="14"/>
        <line num="19" count="114" type="stmt"/>
        <line num="20" count="114" type="stmt"/>
        <line num="21" count="114" type="stmt"/>
        <line num="22" count="114" type="stmt"/>
        <line num="23" count="114" type="stmt"/>
        <line num="24" count="114" type="stmt"/>
        <line num="25" count="114" type="stmt"/>
        <line num="26" count="114" type="stmt"/>
        <line num="30" count="102" type="stmt"/>
        <line num="32" count="102" type="cond" truecount="2" falsecount="0"/>
        <line num="33" count="102" type="cond" truecount="2" falsecount="0"/>
        <line num="34" count="102" type="cond" truecount="2" falsecount="0"/>
        <line num="35" count="102" type="cond" truecount="2" falsecount="0"/>
        <line num="36" count="102" type="cond" truecount="3" falsecount="1"/>
        <line num="37" count="0" type="stmt"/>
        <line num="40" count="102" type="stmt"/>
        <line num="58" count="16" type="stmt"/>
        <line num="59" count="16" type="stmt"/>
        <line num="60" count="16" type="stmt"/>
        <line num="61" count="16" type="stmt"/>
        <line num="62" count="16" type="stmt"/>
        <line num="66" count="0" type="stmt"/>
        <line num="68" count="0" type="cond" truecount="0" falsecount="2"/>
        <line num="69" count="0" type="cond" truecount="0" falsecount="2"/>
        <line num="71" count="0" type="stmt"/>
        <line num="94" count="1725" type="stmt"/>
        <line num="95" count="1725" type="stmt"/>
        <line num="96" count="1725" type="stmt"/>
        <line num="97" count="1725" type="stmt"/>
        <line num="98" count="1725" type="stmt"/>
        <line num="99" count="1725" type="stmt"/>
        <line num="100" count="1725" type="stmt"/>
        <line num="101" count="1725" type="stmt"/>
        <line num="102" count="1725" type="stmt"/>
        <line num="103" count="1725" type="stmt"/>
        <line num="107" count="0" type="stmt"/>
        <line num="109" count="0" type="cond" truecount="0" falsecount="2"/>
        <line num="110" count="0" type="cond" truecount="0" falsecount="2"/>
        <line num="111" count="0" type="cond" truecount="0" falsecount="2"/>
        <line num="112" count="0" type="cond" truecount="0" falsecount="2"/>
        <line num="114" count="0" type="stmt"/>
        <line num="121" count="2828" type="cond" truecount="2" falsecount="0"/>
        <line num="122" count="2828" type="stmt"/>
        <line num="123" count="2828" type="stmt"/>
        <line num="127" count="2828" type="stmt"/>
        <line num="130" count="2828" type="stmt"/>
        <line num="145" count="139" type="stmt"/>
        <line num="146" count="139" type="stmt"/>
        <line num="147" count="139" type="stmt"/>
        <line num="148" count="139" type="stmt"/>
        <line num="149" count="139" type="stmt"/>
        <line num="153" count="100" type="stmt"/>
        <line num="155" count="100" type="cond" truecount="1" falsecount="1"/>
        <line num="156" count="100" type="cond" truecount="1" falsecount="1"/>
        <line num="157" count="100" type="cond" truecount="1" falsecount="1"/>
        <line num="158" count="100" type="cond" truecount="1" falsecount="1"/>
        <line num="159" count="0" type="stmt"/>
        <line num="162" count="100" type="stmt"/>
        <line num="169" count="142" type="cond" truecount="4" falsecount="0"/>
        <line num="170" count="26" type="cond" truecount="4" falsecount="0"/>
        <line num="171" count="16" type="stmt"/>
        <line num="185" count="131" type="stmt"/>
        <line num="186" count="131" type="stmt"/>
        <line num="187" count="131" type="stmt"/>
        <line num="188" count="131" type="stmt"/>
        <line num="192" count="102" type="stmt"/>
        <line num="194" count="102" type="cond" truecount="1" falsecount="1"/>
        <line num="195" count="102" type="cond" truecount="3" falsecount="1"/>
        <line num="196" count="102" type="cond" truecount="3" falsecount="1"/>
        <line num="198" count="102" type="stmt"/>
        <line num="214" count="102" type="stmt"/>
        <line num="215" count="102" type="stmt"/>
        <line num="216" count="102" type="stmt"/>
        <line num="220" count="0" type="stmt"/>
        <line num="222" count="0" type="cond" truecount="0" falsecount="2"/>
        <line num="223" count="0" type="cond" truecount="0" falsecount="4"/>
        <line num="225" count="0" type="stmt"/>
        <line num="232" count="102" type="cond" truecount="2" falsecount="0"/>
        <line num="245" count="172" type="stmt"/>
        <line num="246" count="172" type="stmt"/>
        <line num="247" count="172" type="stmt"/>
        <line num="248" count="172" type="stmt"/>
        <line num="252" count="101" type="stmt"/>
        <line num="254" count="101" type="cond" truecount="1" falsecount="1"/>
        <line num="255" count="101" type="cond" truecount="1" falsecount="1"/>
        <line num="257" count="101" type="stmt"/>
        <line num="264" count="8" type="stmt"/>
      </file>
    </package>
    <package name="src.scanners">
      <metrics statements="77" coveredstatements="70" conditionals="42" coveredconditionals="33" methods="11" coveredmethods="11"/>
      <file name="backgroundScanner.js" path="/Users/adarsh/Documents/atlassian-williams-project/src/scanners/backgroundScanner.js">
        <metrics statements="77" coveredstatements="70" conditionals="42" coveredconditionals="33" methods="11" coveredmethods="11"/>
        <line num="1" count="4" type="stmt"/>
        <line num="2" count="4" type="stmt"/>
        <line num="14" count="29" type="stmt"/>
        <line num="15" count="29" type="stmt"/>
        <line num="18" count="29" type="stmt"/>
        <line num="19" count="29" type="stmt"/>
        <line num="21" count="29" type="stmt"/>
        <line num="23" count="29" type="stmt"/>
        <line num="24" count="39" type="stmt"/>
        <line num="26" count="39" type="stmt"/>
        <line num="28" count="39" type="cond" truecount="1" falsecount="1"/>
        <line num="30" count="39" type="stmt"/>
        <line num="33" count="39" type="stmt"/>
        <line num="39" count="39" type="stmt"/>
        <line num="47" count="39" type="stmt"/>
        <line num="50" count="39" type="cond" truecount="2" falsecount="0"/>
        <line num="51" count="15" type="stmt"/>
        <line num="55" count="0" type="stmt"/>
        <line num="59" count="29" type="stmt"/>
        <line num="61" count="29" type="stmt"/>
        <line num="67" count="39" type="stmt"/>
        <line num="72" count="0" type="stmt"/>
        <line num="73" count="0" type="stmt"/>
        <line num="86" count="29" type="stmt"/>
        <line num="88" count="29" type="stmt"/>
        <line num="89" count="29" type="stmt"/>
        <line num="91" count="24" type="cond" truecount="3" falsecount="1"/>
        <line num="92" count="0" type="stmt"/>
        <line num="96" count="24" type="stmt"/>
        <line num="97" count="24" type="stmt"/>
        <line num="98" count="172" type="cond" truecount="3" falsecount="1"/>
        <line num="99" count="172" type="stmt"/>
        <line num="106" count="24" type="stmt"/>
        <line num="109" count="5" type="stmt"/>
        <line num="110" count="5" type="stmt"/>
        <line num="120" count="40" type="stmt"/>
        <line num="122" count="40" type="stmt"/>
        <line num="123" count="40" type="stmt"/>
        <line num="125" count="40" type="cond" truecount="3" falsecount="1"/>
        <line num="126" count="0" type="stmt"/>
        <line num="129" count="40" type="stmt"/>
        <line num="131" count="40" type="stmt"/>
        <line num="132" count="1114" type="stmt"/>
        <line num="146" count="1114" type="stmt"/>
        <line num="147" count="1114" type="cond" truecount="2" falsecount="0"/>
        <line num="148" count="1104" type="stmt"/>
        <line num="152" count="40" type="stmt"/>
        <line num="155" count="0" type="stmt"/>
        <line num="156" count="0" type="stmt"/>
        <line num="166" count="90" type="cond" truecount="1" falsecount="1"/>
        <line num="168" count="90" type="stmt"/>
        <line num="169" count="1613" type="stmt"/>
        <line num="172" count="90" type="stmt"/>
        <line num="181" count="1115" type="cond" truecount="2" falsecount="0"/>
        <line num="184" count="1105" type="stmt"/>
        <line num="185" count="1105" type="cond" truecount="2" falsecount="0"/>
        <line num="188" count="1105" type="stmt"/>
        <line num="189" count="3" type="stmt"/>
        <line num="190" count="3" type="cond" truecount="2" falsecount="2"/>
        <line num="204" count="142" type="stmt"/>
        <line num="206" count="142" type="cond" truecount="2" falsecount="0"/>
        <line num="207" count="58" type="stmt"/>
        <line num="208" count="58" type="stmt"/>
        <line num="209" count="58" type="stmt"/>
        <line num="210" count="84" type="cond" truecount="2" falsecount="0"/>
        <line num="211" count="48" type="stmt"/>
        <line num="212" count="48" type="stmt"/>
        <line num="213" count="48" type="stmt"/>
        <line num="215" count="36" type="stmt"/>
        <line num="216" count="36" type="stmt"/>
        <line num="219" count="142" type="cond" truecount="2" falsecount="0"/>
        <line num="220" count="51" type="stmt"/>
        <line num="223" count="142" type="stmt"/>
        <line num="232" count="36" type="stmt"/>
        <line num="247" count="36" type="stmt"/>
        <line num="250" count="36" type="stmt"/>
        <line num="253" count="4" type="stmt"/>
      </file>
    </package>
    <package name="src.services">
      <metrics statements="53" coveredstatements="52" conditionals="36" coveredconditionals="28" methods="13" coveredmethods="13"/>
      <file name="confluenceService.js" path="/Users/adarsh/Documents/atlassian-williams-project/src/services/confluenceService.js">
        <metrics statements="53" coveredstatements="52" conditionals="36" coveredconditionals="28" methods="13" coveredmethods="13"/>
        <line num="1" count="5" type="stmt"/>
        <line num="2" count="5" type="stmt"/>
        <line num="15" count="29" type="stmt"/>
        <line num="16" count="29" type="stmt"/>
        <line num="19" count="28" type="cond" truecount="4" falsecount="0"/>
        <line num="20" count="4" type="stmt"/>
        <line num="26" count="24" type="stmt"/>
        <line num="29" count="24" type="stmt"/>
        <line num="30" count="24" type="cond" truecount="2" falsecount="0"/>
        <line num="31" count="11" type="stmt"/>
        <line num="38" count="13" type="stmt"/>
        <line num="41" count="13" type="stmt"/>
        <line num="55" count="13" type="stmt"/>
        <line num="64" count="13" type="cond" truecount="3" falsecount="1"/>
        <line num="65" count="13" type="stmt"/>
        <line num="67" count="13" type="stmt"/>
        <line num="69" count="13" type="stmt"/>
        <line num="75" count="0" type="stmt"/>
        <line num="83" count="16" type="stmt"/>
        <line num="86" count="16" type="cond" truecount="4" falsecount="0"/>
        <line num="87" count="11" type="stmt"/>
        <line num="93" count="5" type="cond" truecount="2" falsecount="0"/>
        <line num="94" count="4" type="stmt"/>
        <line num="101" count="1" type="stmt"/>
        <line num="113" count="30" type="stmt"/>
        <line num="115" count="30" type="stmt"/>
        <line num="116" count="21" type="stmt"/>
        <line num="118" count="9" type="stmt"/>
        <line num="119" count="9" type="stmt"/>
        <line num="131" count="14" type="stmt"/>
        <line num="133" count="14" type="stmt"/>
        <line num="149" count="14" type="stmt"/>
        <line num="158" count="16" type="cond" truecount="1" falsecount="1"/>
        <line num="161" count="16" type="stmt"/>
        <line num="164" count="49" type="cond" truecount="1" falsecount="1"/>
        <line num="167" count="49" type="cond" truecount="4" falsecount="0"/>
        <line num="168" count="13" type="stmt"/>
        <line num="169" count="32" type="stmt"/>
        <line num="170" count="28" type="stmt"/>
        <line num="172" count="13" type="stmt"/>
        <line num="176" count="36" type="stmt"/>
        <line num="178" count="49" type="stmt"/>
        <line num="188" count="169" type="stmt"/>
        <line num="196" count="169" type="stmt"/>
        <line num="205" count="65" type="cond" truecount="4" falsecount="0"/>
        <line num="207" count="14" type="stmt"/>
        <line num="211" count="51" type="cond" truecount="1" falsecount="1"/>
        <line num="212" count="51" type="stmt"/>
        <line num="229" count="1" type="stmt"/>
        <line num="231" count="1" type="stmt"/>
        <line num="239" count="2" type="cond" truecount="1" falsecount="1"/>
        <line num="253" count="1" type="stmt"/>
        <line num="256" count="5" type="stmt"/>
      </file>
    </package>
    <package name="src.utils">
      <metrics statements="86" coveredstatements="74" conditionals="78" coveredconditionals="58" methods="9" coveredmethods="9"/>
      <file name="errorHandler.js" path="/Users/adarsh/Documents/atlassian-williams-project/src/utils/errorHandler.js">
        <metrics statements="86" coveredstatements="74" conditionals="78" coveredconditionals="58" methods="9" coveredmethods="9"/>
        <line num="1" count="4" type="stmt"/>
        <line num="11" count="4" type="stmt"/>
        <line num="21" count="4" type="stmt"/>
        <line num="36" count="105" type="stmt"/>
        <line num="37" count="105" type="stmt"/>
        <line num="40" count="105" type="stmt"/>
        <line num="41" count="105" type="stmt"/>
        <line num="42" count="105" type="stmt"/>
        <line num="44" count="105" type="cond" truecount="4" falsecount="0"/>
        <line num="45" count="1" type="stmt"/>
        <line num="46" count="1" type="stmt"/>
        <line num="47" count="1" type="stmt"/>
        <line num="48" count="104" type="cond" truecount="5" falsecount="0"/>
        <line num="49" count="1" type="stmt"/>
        <line num="50" count="1" type="stmt"/>
        <line num="51" count="1" type="stmt"/>
        <line num="52" count="103" type="cond" truecount="4" falsecount="1"/>
        <line num="53" count="0" type="stmt"/>
        <line num="54" count="0" type="stmt"/>
        <line num="55" count="0" type="stmt"/>
        <line num="56" count="103" type="cond" truecount="4" falsecount="0"/>
        <line num="57" count="1" type="stmt"/>
        <line num="58" count="1" type="stmt"/>
        <line num="59" count="1" type="stmt"/>
        <line num="60" count="102" type="cond" truecount="4" falsecount="0"/>
        <line num="61" count="1" type="stmt"/>
        <line num="62" count="1" type="cond" truecount="1" falsecount="1"/>
        <line num="63" count="1" type="stmt"/>
        <line num="67" count="105" type="stmt"/>
        <line num="80" count="105" type="stmt"/>
        <line num="96" count="51" type="stmt"/>
        <line num="97" count="51" type="stmt"/>
        <line num="100" count="51" type="stmt"/>
        <line num="110" count="51" type="stmt"/>
        <line num="125" count="219" type="stmt"/>
        <line num="132" count="219" type="cond" truecount="4" falsecount="1"/>
        <line num="134" count="114" type="stmt"/>
        <line num="135" count="114" type="stmt"/>
        <line num="137" count="64" type="stmt"/>
        <line num="138" count="64" type="stmt"/>
        <line num="140" count="22" type="stmt"/>
        <line num="141" count="22" type="stmt"/>
        <line num="143" count="19" type="stmt"/>
        <line num="144" count="19" type="stmt"/>
        <line num="146" count="0" type="stmt"/>
        <line num="155" count="1019" type="stmt"/>
        <line num="156" count="1019" type="stmt"/>
        <line num="157" count="1019" type="stmt"/>
        <line num="167" count="54" type="stmt"/>
        <line num="169" count="54" type="stmt"/>
        <line num="170" count="55" type="stmt"/>
        <line num="172" count="55" type="cond" truecount="6" falsecount="0"/>
        <line num="173" count="17" type="stmt"/>
        <line num="174" count="17" type="stmt"/>
        <line num="177" count="38" type="cond" truecount="3" falsecount="1"/>
        <line num="178" count="38" type="cond" truecount="4" falsecount="0"/>
        <line num="179" count="1" type="stmt"/>
        <line num="182" count="38" type="cond" truecount="4" falsecount="0"/>
        <line num="183" count="36" type="stmt"/>
        <line num="186" count="38" type="cond" truecount="4" falsecount="0"/>
        <line num="187" count="1" type="stmt"/>
        <line num="190" count="38" type="cond" truecount="2" falsecount="2"/>
        <line num="191" count="0" type="stmt"/>
        <line num="196" count="54" type="cond" truecount="1" falsecount="1"/>
        <line num="197" count="54" type="stmt"/>
        <line num="211" count="1" type="stmt"/>
        <line num="212" count="1" type="stmt"/>
        <line num="213" count="1" type="stmt"/>
        <line num="215" count="1" type="stmt"/>
        <line num="226" count="1" type="cond" truecount="1" falsecount="1"/>
        <line num="227" count="0" type="stmt"/>
        <line num="230" count="1" type="cond" truecount="1" falsecount="1"/>
        <line num="231" count="1" type="stmt"/>
        <line num="234" count="0" type="cond" truecount="0" falsecount="2"/>
        <line num="235" count="0" type="cond" truecount="0" falsecount="2"/>
        <line num="238" count="0" type="cond" truecount="0" falsecount="2"/>
        <line num="239" count="0" type="stmt"/>
        <line num="242" count="0" type="stmt"/>
        <line num="251" count="2" type="stmt"/>
        <line num="252" count="2" type="stmt"/>
        <line num="254" count="2" type="cond" truecount="2" falsecount="0"/>
        <line num="255" count="1" type="stmt"/>
        <line num="258" count="1" type="cond" truecount="2" falsecount="2"/>
        <line num="259" count="0" type="stmt"/>
        <line num="262" count="1" type="stmt"/>
        <line num="265" count="4" type="stmt"/>
      </file>
    </package>
  </project>
</coverage>
