{"/Users/adarsh/Documents/atlassian-williams-project/src/index.js": {"path":"/Users/adarsh/Documents/atlassian-williams-project/src/index.js","statementMap":{"0":{"start":{"line":1,"column":17},"end":{"line":1,"column":43}},"1":{"start":{"line":2,"column":24},"end":{"line":2,"column":63}},"2":{"start":{"line":3,"column":29},"end":{"line":3,"column":68}},"3":{"start":{"line":5,"column":17},"end":{"line":5,"column":31}},"4":{"start":{"line":8,"column":0},"end":{"line":8,"column":44}},"5":{"start":{"line":9,"column":0},"end":{"line":9,"column":54}},"6":{"start":{"line":11,"column":0},"end":{"line":11,"column":44}}},"fnMap":{},"branchMap":{},"s":{"0":2,"1":2,"2":2,"3":2,"4":2,"5":2,"6":2},"f":{},"b":{},"_coverageSchema":"1a1c01bbd47fc00a2c39e90264f33305004495a9","hash":"11f20e305c65aebdac867219a85330239f6a13c3"}
,"/Users/adarsh/Documents/atlassian-williams-project/src/agents/memoryArchaeologist.js": {"path":"/Users/adarsh/Documents/atlassian-williams-project/src/agents/memoryArchaeologist.js","statementMap":{"0":{"start":{"line":6,"column":29},"end":{"line":6,"column":69}},"1":{"start":{"line":7,"column":48},"end":{"line":7,"column":68}},"2":{"start":{"line":8,"column":49},"end":{"line":8,"column":81}},"3":{"start":{"line":13,"column":21},"end":{"line":18,"column":1}},"4":{"start":{"line":23,"column":28},"end":{"line":52,"column":1}},"5":{"start":{"line":66,"column":6},"end":{"line":66,"column":12}},"6":{"start":{"line":68,"column":2},"end":{"line":74,"column":5}},"7":{"start":{"line":82,"column":20},"end":{"line":82,"column":43}},"8":{"start":{"line":83,"column":17},"end":{"line":83,"column":56}},"9":{"start":{"line":84,"column":2},"end":{"line":84,"column":42}},"10":{"start":{"line":94,"column":2},"end":{"line":134,"column":3}},"11":{"start":{"line":96,"column":20},"end":{"line":98,"column":17}},"12":{"start":{"line":97,"column":6},"end":{"line":97,"column":99}},"13":{"start":{"line":101,"column":17},"end":{"line":101,"column":48}},"14":{"start":{"line":104,"column":23},"end":{"line":104,"column":61}},"15":{"start":{"line":106,"column":21},"end":{"line":115,"column":6}},"16":{"start":{"line":114,"column":56},"end":{"line":114,"column":68}},"17":{"start":{"line":117,"column":4},"end":{"line":122,"column":24}},"18":{"start":{"line":124,"column":4},"end":{"line":124,"column":20}},"19":{"start":{"line":127,"column":4},"end":{"line":131,"column":25}},"20":{"start":{"line":133,"column":4},"end":{"line":133,"column":16}},"21":{"start":{"line":143,"column":15},"end":{"line":143,"column":24}},"22":{"start":{"line":146,"column":25},"end":{"line":150,"column":3}},"23":{"start":{"line":152,"column":23},"end":{"line":152,"column":44}},"24":{"start":{"line":154,"column":2},"end":{"line":158,"column":5}},"25":{"start":{"line":155,"column":4},"end":{"line":157,"column":5}},"26":{"start":{"line":156,"column":6},"end":{"line":156,"column":21}},"27":{"start":{"line":161,"column":25},"end":{"line":161,"column":53}},"28":{"start":{"line":162,"column":2},"end":{"line":164,"column":3}},"29":{"start":{"line":163,"column":4},"end":{"line":163,"column":66}},"30":{"start":{"line":163,"column":36},"end":{"line":163,"column":64}},"31":{"start":{"line":167,"column":24},"end":{"line":167,"column":63}},"32":{"start":{"line":168,"column":2},"end":{"line":175,"column":3}},"33":{"start":{"line":169,"column":4},"end":{"line":174,"column":7}},"34":{"start":{"line":170,"column":22},"end":{"line":170,"column":59}},"35":{"start":{"line":171,"column":6},"end":{"line":173,"column":7}},"36":{"start":{"line":172,"column":8},"end":{"line":172,"column":38}},"37":{"start":{"line":177,"column":2},"end":{"line":177,"column":39}},"38":{"start":{"line":186,"column":2},"end":{"line":186,"column":53}},"39":{"start":{"line":186,"column":44},"end":{"line":186,"column":53}},"40":{"start":{"line":188,"column":19},"end":{"line":188,"column":20}},"41":{"start":{"line":190,"column":2},"end":{"line":209,"column":5}},"42":{"start":{"line":191,"column":16},"end":{"line":191,"column":17}},"43":{"start":{"line":194,"column":25},"end":{"line":194,"column":69}},"44":{"start":{"line":195,"column":4},"end":{"line":197,"column":45}},"45":{"start":{"line":195,"column":28},"end":{"line":195,"column":41}},"46":{"start":{"line":196,"column":9},"end":{"line":197,"column":45}},"47":{"start":{"line":196,"column":32},"end":{"line":196,"column":45}},"48":{"start":{"line":197,"column":9},"end":{"line":197,"column":45}},"49":{"start":{"line":197,"column":32},"end":{"line":197,"column":45}},"50":{"start":{"line":200,"column":4},"end":{"line":200,"column":77}},"51":{"start":{"line":200,"column":64},"end":{"line":200,"column":77}},"52":{"start":{"line":201,"column":4},"end":{"line":201,"column":77}},"53":{"start":{"line":201,"column":64},"end":{"line":201,"column":77}},"54":{"start":{"line":202,"column":4},"end":{"line":202,"column":77}},"55":{"start":{"line":202,"column":64},"end":{"line":202,"column":77}},"56":{"start":{"line":205,"column":31},"end":{"line":205,"column":129}},"57":{"start":{"line":206,"column":4},"end":{"line":206,"column":54}},"58":{"start":{"line":208,"column":4},"end":{"line":208,"column":39}},"59":{"start":{"line":211,"column":2},"end":{"line":211,"column":54}},"60":{"start":{"line":220,"column":27},"end":{"line":238,"column":1}},"61":{"start":{"line":240,"column":2},"end":{"line":243,"column":4}},"62":{"start":{"line":253,"column":20},"end":{"line":253,"column":77}},"63":{"start":{"line":256,"column":2},"end":{"line":261,"column":3}},"64":{"start":{"line":257,"column":25},"end":{"line":259,"column":5}},"65":{"start":{"line":258,"column":6},"end":{"line":258,"column":142}},"66":{"start":{"line":260,"column":4},"end":{"line":260,"column":43}},"67":{"start":{"line":263,"column":2},"end":{"line":263,"column":19}},"68":{"start":{"line":271,"column":17},"end":{"line":271,"column":19}},"69":{"start":{"line":273,"column":2},"end":{"line":273,"column":62}},"70":{"start":{"line":273,"column":25},"end":{"line":273,"column":62}},"71":{"start":{"line":274,"column":2},"end":{"line":274,"column":64}},"72":{"start":{"line":274,"column":26},"end":{"line":274,"column":64}},"73":{"start":{"line":275,"column":2},"end":{"line":275,"column":68}},"74":{"start":{"line":275,"column":28},"end":{"line":275,"column":68}},"75":{"start":{"line":277,"column":2},"end":{"line":279,"column":3}},"76":{"start":{"line":278,"column":4},"end":{"line":278,"column":80}},"77":{"start":{"line":281,"column":2},"end":{"line":283,"column":3}},"78":{"start":{"line":282,"column":4},"end":{"line":282,"column":72}},"79":{"start":{"line":285,"column":2},"end":{"line":289,"column":4}},"80":{"start":{"line":292,"column":0},"end":{"line":303,"column":2}}},"fnMap":{"0":{"name":"createInterviewContext","decl":{"start":{"line":59,"column":9},"end":{"line":59,"column":31}},"loc":{"start":{"line":59,"column":40},"end":{"line":75,"column":1}},"line":59},"1":{"name":"generateSessionId","decl":{"start":{"line":81,"column":9},"end":{"line":81,"column":26}},"loc":{"start":{"line":81,"column":29},"end":{"line":85,"column":1}},"line":81},"2":{"name":"extractKnowledgeFromResponses","decl":{"start":{"line":93,"column":9},"end":{"line":93,"column":38}},"loc":{"start":{"line":93,"column":59},"end":{"line":135,"column":1}},"line":93},"3":{"name":"(anonymous_3)","decl":{"start":{"line":96,"column":34},"end":{"line":96,"column":35}},"loc":{"start":{"line":96,"column":55},"end":{"line":98,"column":5}},"line":96},"4":{"name":"(anonymous_4)","decl":{"start":{"line":114,"column":49},"end":{"line":114,"column":50}},"loc":{"start":{"line":114,"column":56},"end":{"line":114,"column":68}},"line":114},"5":{"name":"extractTagsFromContent","decl":{"start":{"line":142,"column":9},"end":{"line":142,"column":31}},"loc":{"start":{"line":142,"column":41},"end":{"line":178,"column":1}},"line":142},"6":{"name":"(anonymous_6)","decl":{"start":{"line":154,"column":25},"end":{"line":154,"column":26}},"loc":{"start":{"line":154,"column":33},"end":{"line":158,"column":3}},"line":154},"7":{"name":"(anonymous_7)","decl":{"start":{"line":163,"column":27},"end":{"line":163,"column":28}},"loc":{"start":{"line":163,"column":36},"end":{"line":163,"column":64}},"line":163},"8":{"name":"(anonymous_8)","decl":{"start":{"line":169,"column":38},"end":{"line":169,"column":39}},"loc":{"start":{"line":169,"column":47},"end":{"line":174,"column":5}},"line":169},"9":{"name":"calculateResponseConfidence","decl":{"start":{"line":185,"column":9},"end":{"line":185,"column":36}},"loc":{"start":{"line":185,"column":48},"end":{"line":212,"column":1}},"line":185},"10":{"name":"(anonymous_10)","decl":{"start":{"line":190,"column":20},"end":{"line":190,"column":21}},"loc":{"start":{"line":190,"column":32},"end":{"line":209,"column":3}},"line":190},"11":{"name":"formatKnowledgeForStorage","decl":{"start":{"line":219,"column":9},"end":{"line":219,"column":34}},"loc":{"start":{"line":219,"column":45},"end":{"line":244,"column":1}},"line":219},"12":{"name":"getInterviewQuestions","decl":{"start":{"line":252,"column":9},"end":{"line":252,"column":30}},"loc":{"start":{"line":252,"column":59},"end":{"line":264,"column":1}},"line":252},"13":{"name":"(anonymous_13)","decl":{"start":{"line":257,"column":52},"end":{"line":257,"column":53}},"loc":{"start":{"line":258,"column":6},"end":{"line":258,"column":142}},"line":258},"14":{"name":"validateAgentConfiguration","decl":{"start":{"line":270,"column":9},"end":{"line":270,"column":35}},"loc":{"start":{"line":270,"column":38},"end":{"line":290,"column":1}},"line":270}},"branchMap":{"0":{"loc":{"start":{"line":62,"column":4},"end":{"line":62,"column":26}},"type":"default-arg","locations":[{"start":{"line":62,"column":17},"end":{"line":62,"column":26}}],"line":62},"1":{"loc":{"start":{"line":63,"column":4},"end":{"line":63,"column":20}},"type":"default-arg","locations":[{"start":{"line":63,"column":11},"end":{"line":63,"column":20}}],"line":63},"2":{"loc":{"start":{"line":64,"column":4},"end":{"line":64,"column":23}},"type":"default-arg","locations":[{"start":{"line":64,"column":21},"end":{"line":64,"column":23}}],"line":64},"3":{"loc":{"start":{"line":65,"column":4},"end":{"line":65,"column":35}},"type":"default-arg","locations":[{"start":{"line":65,"column":16},"end":{"line":65,"column":35}}],"line":65},"4":{"loc":{"start":{"line":155,"column":4},"end":{"line":157,"column":5}},"type":"if","locations":[{"start":{"line":155,"column":4},"end":{"line":157,"column":5}},{"start":{},"end":{}}],"line":155},"5":{"loc":{"start":{"line":162,"column":2},"end":{"line":164,"column":3}},"type":"if","locations":[{"start":{"line":162,"column":2},"end":{"line":164,"column":3}},{"start":{},"end":{}}],"line":162},"6":{"loc":{"start":{"line":168,"column":2},"end":{"line":175,"column":3}},"type":"if","locations":[{"start":{"line":168,"column":2},"end":{"line":175,"column":3}},{"start":{},"end":{}}],"line":168},"7":{"loc":{"start":{"line":171,"column":6},"end":{"line":173,"column":7}},"type":"if","locations":[{"start":{"line":171,"column":6},"end":{"line":173,"column":7}},{"start":{},"end":{}}],"line":171},"8":{"loc":{"start":{"line":171,"column":10},"end":{"line":171,"column":51}},"type":"binary-expr","locations":[{"start":{"line":171,"column":10},"end":{"line":171,"column":28}},{"start":{"line":171,"column":32},"end":{"line":171,"column":51}}],"line":171},"9":{"loc":{"start":{"line":186,"column":2},"end":{"line":186,"column":53}},"type":"if","locations":[{"start":{"line":186,"column":2},"end":{"line":186,"column":53}},{"start":{},"end":{}}],"line":186},"10":{"loc":{"start":{"line":186,"column":6},"end":{"line":186,"column":42}},"type":"binary-expr","locations":[{"start":{"line":186,"column":6},"end":{"line":186,"column":16}},{"start":{"line":186,"column":20},"end":{"line":186,"column":42}}],"line":186},"11":{"loc":{"start":{"line":194,"column":25},"end":{"line":194,"column":69}},"type":"cond-expr","locations":[{"start":{"line":194,"column":43},"end":{"line":194,"column":65}},{"start":{"line":194,"column":68},"end":{"line":194,"column":69}}],"line":194},"12":{"loc":{"start":{"line":195,"column":4},"end":{"line":197,"column":45}},"type":"if","locations":[{"start":{"line":195,"column":4},"end":{"line":197,"column":45}},{"start":{"line":196,"column":9},"end":{"line":197,"column":45}}],"line":195},"13":{"loc":{"start":{"line":196,"column":9},"end":{"line":197,"column":45}},"type":"if","locations":[{"start":{"line":196,"column":9},"end":{"line":197,"column":45}},{"start":{"line":197,"column":9},"end":{"line":197,"column":45}}],"line":196},"14":{"loc":{"start":{"line":197,"column":9},"end":{"line":197,"column":45}},"type":"if","locations":[{"start":{"line":197,"column":9},"end":{"line":197,"column":45}},{"start":{},"end":{}}],"line":197},"15":{"loc":{"start":{"line":200,"column":4},"end":{"line":200,"column":77}},"type":"if","locations":[{"start":{"line":200,"column":4},"end":{"line":200,"column":77}},{"start":{},"end":{}}],"line":200},"16":{"loc":{"start":{"line":200,"column":8},"end":{"line":200,"column":62}},"type":"binary-expr","locations":[{"start":{"line":200,"column":8},"end":{"line":200,"column":23}},{"start":{"line":200,"column":27},"end":{"line":200,"column":62}}],"line":200},"17":{"loc":{"start":{"line":201,"column":4},"end":{"line":201,"column":77}},"type":"if","locations":[{"start":{"line":201,"column":4},"end":{"line":201,"column":77}},{"start":{},"end":{}}],"line":201},"18":{"loc":{"start":{"line":201,"column":8},"end":{"line":201,"column":62}},"type":"binary-expr","locations":[{"start":{"line":201,"column":8},"end":{"line":201,"column":23}},{"start":{"line":201,"column":27},"end":{"line":201,"column":62}}],"line":201},"19":{"loc":{"start":{"line":202,"column":4},"end":{"line":202,"column":77}},"type":"if","locations":[{"start":{"line":202,"column":4},"end":{"line":202,"column":77}},{"start":{},"end":{}}],"line":202},"20":{"loc":{"start":{"line":202,"column":8},"end":{"line":202,"column":62}},"type":"binary-expr","locations":[{"start":{"line":202,"column":8},"end":{"line":202,"column":23}},{"start":{"line":202,"column":27},"end":{"line":202,"column":62}}],"line":202},"21":{"loc":{"start":{"line":205,"column":32},"end":{"line":205,"column":121}},"type":"binary-expr","locations":[{"start":{"line":205,"column":32},"end":{"line":205,"column":115}},{"start":{"line":205,"column":119},"end":{"line":205,"column":121}}],"line":205},"22":{"loc":{"start":{"line":252,"column":40},"end":{"line":252,"column":57}},"type":"default-arg","locations":[{"start":{"line":252,"column":48},"end":{"line":252,"column":57}}],"line":252},"23":{"loc":{"start":{"line":253,"column":20},"end":{"line":253,"column":77}},"type":"binary-expr","locations":[{"start":{"line":253,"column":20},"end":{"line":253,"column":46}},{"start":{"line":253,"column":50},"end":{"line":253,"column":77}}],"line":253},"24":{"loc":{"start":{"line":256,"column":2},"end":{"line":261,"column":3}},"type":"if","locations":[{"start":{"line":256,"column":2},"end":{"line":261,"column":3}},{"start":{},"end":{}}],"line":256},"25":{"loc":{"start":{"line":256,"column":6},"end":{"line":256,"column":65}},"type":"binary-expr","locations":[{"start":{"line":256,"column":6},"end":{"line":256,"column":28}},{"start":{"line":256,"column":32},"end":{"line":256,"column":65}}],"line":256},"26":{"loc":{"start":{"line":273,"column":2},"end":{"line":273,"column":62}},"type":"if","locations":[{"start":{"line":273,"column":2},"end":{"line":273,"column":62}},{"start":{},"end":{}}],"line":273},"27":{"loc":{"start":{"line":274,"column":2},"end":{"line":274,"column":64}},"type":"if","locations":[{"start":{"line":274,"column":2},"end":{"line":274,"column":64}},{"start":{},"end":{}}],"line":274},"28":{"loc":{"start":{"line":275,"column":2},"end":{"line":275,"column":68}},"type":"if","locations":[{"start":{"line":275,"column":2},"end":{"line":275,"column":68}},{"start":{},"end":{}}],"line":275},"29":{"loc":{"start":{"line":277,"column":2},"end":{"line":279,"column":3}},"type":"if","locations":[{"start":{"line":277,"column":2},"end":{"line":279,"column":3}},{"start":{},"end":{}}],"line":277},"30":{"loc":{"start":{"line":281,"column":2},"end":{"line":283,"column":3}},"type":"if","locations":[{"start":{"line":281,"column":2},"end":{"line":283,"column":3}},{"start":{},"end":{}}],"line":281}},"s":{"0":3,"1":3,"2":3,"3":3,"4":3,"5":16,"6":16,"7":18,"8":18,"9":18,"10":12,"11":12,"12":18,"13":12,"14":12,"15":12,"16":4,"17":12,"18":12,"19":0,"20":0,"21":16,"22":16,"23":16,"24":16,"25":240,"26":45,"27":16,"28":16,"29":4,"30":6,"31":16,"32":16,"33":6,"34":19,"35":19,"36":18,"37":16,"38":15,"39":2,"40":13,"41":13,"42":20,"43":20,"44":20,"45":11,"46":9,"47":3,"48":6,"49":2,"50":20,"51":2,"52":20,"53":8,"54":20,"55":1,"56":20,"57":20,"58":20,"59":13,"60":10,"61":10,"62":3,"63":3,"64":1,"65":1,"66":1,"67":2,"68":2,"69":2,"70":0,"71":2,"72":0,"73":2,"74":0,"75":2,"76":1,"77":2,"78":1,"79":2,"80":3},"f":{"0":16,"1":18,"2":12,"3":18,"4":4,"5":16,"6":240,"7":6,"8":19,"9":15,"10":20,"11":10,"12":3,"13":1,"14":2},"b":{"0":[5],"1":[4],"2":[10],"3":[16],"4":[45,195],"5":[4,12],"6":[6,10],"7":[18,1],"8":[19,18],"9":[2,13],"10":[15,15],"11":[19,1],"12":[11,9],"13":[3,6],"14":[2,4],"15":[2,18],"16":[20,19],"17":[8,12],"18":[20,19],"19":[1,19],"20":[20,19],"21":[20,10],"22":[0],"23":[3,0],"24":[1,2],"25":[3,2],"26":[0,2],"27":[0,2],"28":[0,2],"29":[1,1],"30":[1,1]},"_coverageSchema":"1a1c01bbd47fc00a2c39e90264f33305004495a9","hash":"65506c0c1cd0ca429d5f5945bc26d89ff2e9479d"}
,"/Users/adarsh/Documents/atlassian-williams-project/src/models/index.js": {"path":"/Users/adarsh/Documents/atlassian-williams-project/src/models/index.js","statementMap":{"0":{"start":{"line":19,"column":4},"end":{"line":19,"column":17}},"1":{"start":{"line":20,"column":4},"end":{"line":20,"column":33}},"2":{"start":{"line":21,"column":4},"end":{"line":21,"column":23}},"3":{"start":{"line":22,"column":4},"end":{"line":22,"column":27}},"4":{"start":{"line":23,"column":4},"end":{"line":23,"column":21}},"5":{"start":{"line":24,"column":4},"end":{"line":24,"column":35}},"6":{"start":{"line":25,"column":4},"end":{"line":25,"column":33}},"7":{"start":{"line":26,"column":4},"end":{"line":26,"column":41}},"8":{"start":{"line":30,"column":19},"end":{"line":30,"column":21}},"9":{"start":{"line":32,"column":4},"end":{"line":32,"column":48}},"10":{"start":{"line":32,"column":18},"end":{"line":32,"column":48}},"11":{"start":{"line":33,"column":4},"end":{"line":33,"column":65}},"12":{"start":{"line":33,"column":26},"end":{"line":33,"column":65}},"13":{"start":{"line":34,"column":4},"end":{"line":34,"column":54}},"14":{"start":{"line":34,"column":21},"end":{"line":34,"column":54}},"15":{"start":{"line":35,"column":4},"end":{"line":35,"column":58}},"16":{"start":{"line":35,"column":23},"end":{"line":35,"column":58}},"17":{"start":{"line":36,"column":4},"end":{"line":38,"column":5}},"18":{"start":{"line":37,"column":6},"end":{"line":37,"column":56}},"19":{"start":{"line":40,"column":4},"end":{"line":43,"column":6}},"20":{"start":{"line":58,"column":4},"end":{"line":58,"column":33}},"21":{"start":{"line":59,"column":4},"end":{"line":59,"column":33}},"22":{"start":{"line":60,"column":4},"end":{"line":60,"column":21}},"23":{"start":{"line":61,"column":4},"end":{"line":61,"column":41}},"24":{"start":{"line":62,"column":4},"end":{"line":62,"column":31}},"25":{"start":{"line":66,"column":19},"end":{"line":66,"column":21}},"26":{"start":{"line":68,"column":4},"end":{"line":68,"column":65}},"27":{"start":{"line":68,"column":26},"end":{"line":68,"column":65}},"28":{"start":{"line":69,"column":4},"end":{"line":69,"column":63}},"29":{"start":{"line":69,"column":25},"end":{"line":69,"column":63}},"30":{"start":{"line":71,"column":4},"end":{"line":74,"column":6}},"31":{"start":{"line":94,"column":4},"end":{"line":94,"column":17}},"32":{"start":{"line":95,"column":4},"end":{"line":95,"column":19}},"33":{"start":{"line":96,"column":4},"end":{"line":96,"column":27}},"34":{"start":{"line":97,"column":4},"end":{"line":97,"column":35}},"35":{"start":{"line":98,"column":4},"end":{"line":98,"column":29}},"36":{"start":{"line":99,"column":4},"end":{"line":99,"column":25}},"37":{"start":{"line":100,"column":4},"end":{"line":100,"column":37}},"38":{"start":{"line":101,"column":4},"end":{"line":101,"column":37}},"39":{"start":{"line":102,"column":4},"end":{"line":102,"column":37}},"40":{"start":{"line":103,"column":4},"end":{"line":103,"column":49}},"41":{"start":{"line":107,"column":19},"end":{"line":107,"column":21}},"42":{"start":{"line":109,"column":4},"end":{"line":109,"column":48}},"43":{"start":{"line":109,"column":18},"end":{"line":109,"column":48}},"44":{"start":{"line":110,"column":4},"end":{"line":110,"column":50}},"45":{"start":{"line":110,"column":19},"end":{"line":110,"column":50}},"46":{"start":{"line":111,"column":4},"end":{"line":111,"column":58}},"47":{"start":{"line":111,"column":23},"end":{"line":111,"column":58}},"48":{"start":{"line":112,"column":4},"end":{"line":112,"column":60}},"49":{"start":{"line":112,"column":24},"end":{"line":112,"column":60}},"50":{"start":{"line":114,"column":4},"end":{"line":117,"column":6}},"51":{"start":{"line":121,"column":30},"end":{"line":121,"column":76}},"52":{"start":{"line":122,"column":23},"end":{"line":122,"column":53}},"53":{"start":{"line":123,"column":26},"end":{"line":123,"column":43}},"54":{"start":{"line":127,"column":31},"end":{"line":127,"column":99}},"55":{"start":{"line":130,"column":4},"end":{"line":130,"column":48}},"56":{"start":{"line":145,"column":4},"end":{"line":145,"column":25}},"57":{"start":{"line":146,"column":4},"end":{"line":146,"column":35}},"58":{"start":{"line":147,"column":4},"end":{"line":147,"column":49}},"59":{"start":{"line":148,"column":4},"end":{"line":148,"column":31}},"60":{"start":{"line":149,"column":4},"end":{"line":149,"column":49}},"61":{"start":{"line":153,"column":19},"end":{"line":153,"column":21}},"62":{"start":{"line":155,"column":4},"end":{"line":155,"column":57}},"63":{"start":{"line":155,"column":22},"end":{"line":155,"column":57}},"64":{"start":{"line":156,"column":4},"end":{"line":156,"column":91}},"65":{"start":{"line":156,"column":46},"end":{"line":156,"column":91}},"66":{"start":{"line":157,"column":4},"end":{"line":157,"column":105}},"67":{"start":{"line":157,"column":53},"end":{"line":157,"column":105}},"68":{"start":{"line":158,"column":4},"end":{"line":160,"column":5}},"69":{"start":{"line":159,"column":6},"end":{"line":159,"column":61}},"70":{"start":{"line":162,"column":4},"end":{"line":165,"column":6}},"71":{"start":{"line":169,"column":4},"end":{"line":169,"column":67}},"72":{"start":{"line":169,"column":53},"end":{"line":169,"column":67}},"73":{"start":{"line":170,"column":4},"end":{"line":170,"column":69}},"74":{"start":{"line":170,"column":53},"end":{"line":170,"column":69}},"75":{"start":{"line":171,"column":4},"end":{"line":171,"column":17}},"76":{"start":{"line":185,"column":4},"end":{"line":185,"column":27}},"77":{"start":{"line":186,"column":4},"end":{"line":186,"column":27}},"78":{"start":{"line":187,"column":4},"end":{"line":187,"column":23}},"79":{"start":{"line":188,"column":4},"end":{"line":188,"column":25}},"80":{"start":{"line":192,"column":19},"end":{"line":192,"column":21}},"81":{"start":{"line":194,"column":4},"end":{"line":194,"column":84}},"82":{"start":{"line":194,"column":43},"end":{"line":194,"column":84}},"83":{"start":{"line":195,"column":4},"end":{"line":195,"column":101}},"84":{"start":{"line":195,"column":39},"end":{"line":195,"column":101}},"85":{"start":{"line":196,"column":4},"end":{"line":196,"column":101}},"86":{"start":{"line":196,"column":38},"end":{"line":196,"column":101}},"87":{"start":{"line":198,"column":4},"end":{"line":201,"column":6}},"88":{"start":{"line":214,"column":4},"end":{"line":214,"column":25}},"89":{"start":{"line":215,"column":4},"end":{"line":215,"column":21}},"90":{"start":{"line":216,"column":4},"end":{"line":216,"column":27}},"91":{"start":{"line":220,"column":19},"end":{"line":220,"column":21}},"92":{"start":{"line":222,"column":4},"end":{"line":222,"column":80}},"93":{"start":{"line":222,"column":41},"end":{"line":222,"column":80}},"94":{"start":{"line":223,"column":4},"end":{"line":223,"column":104}},"95":{"start":{"line":223,"column":49},"end":{"line":223,"column":104}},"96":{"start":{"line":225,"column":4},"end":{"line":228,"column":6}},"97":{"start":{"line":232,"column":4},"end":{"line":232,"column":51}},"98":{"start":{"line":245,"column":4},"end":{"line":245,"column":19}},"99":{"start":{"line":246,"column":4},"end":{"line":246,"column":27}},"100":{"start":{"line":247,"column":4},"end":{"line":247,"column":21}},"101":{"start":{"line":248,"column":4},"end":{"line":248,"column":27}},"102":{"start":{"line":252,"column":19},"end":{"line":252,"column":21}},"103":{"start":{"line":254,"column":4},"end":{"line":254,"column":58}},"104":{"start":{"line":254,"column":20},"end":{"line":254,"column":58}},"105":{"start":{"line":255,"column":4},"end":{"line":255,"column":64}},"106":{"start":{"line":255,"column":23},"end":{"line":255,"column":64}},"107":{"start":{"line":257,"column":4},"end":{"line":260,"column":6}},"108":{"start":{"line":264,"column":0},"end":{"line":272,"column":2}}},"fnMap":{"0":{"name":"(anonymous_0)","decl":{"start":{"line":9,"column":2},"end":{"line":9,"column":3}},"loc":{"start":{"line":18,"column":5},"end":{"line":27,"column":3}},"line":18},"1":{"name":"(anonymous_1)","decl":{"start":{"line":29,"column":2},"end":{"line":29,"column":3}},"loc":{"start":{"line":29,"column":13},"end":{"line":44,"column":3}},"line":29},"2":{"name":"(anonymous_2)","decl":{"start":{"line":51,"column":2},"end":{"line":51,"column":3}},"loc":{"start":{"line":57,"column":5},"end":{"line":63,"column":3}},"line":57},"3":{"name":"(anonymous_3)","decl":{"start":{"line":65,"column":2},"end":{"line":65,"column":3}},"loc":{"start":{"line":65,"column":13},"end":{"line":75,"column":3}},"line":65},"4":{"name":"(anonymous_4)","decl":{"start":{"line":82,"column":2},"end":{"line":82,"column":3}},"loc":{"start":{"line":93,"column":5},"end":{"line":104,"column":3}},"line":93},"5":{"name":"(anonymous_5)","decl":{"start":{"line":106,"column":2},"end":{"line":106,"column":3}},"loc":{"start":{"line":106,"column":13},"end":{"line":118,"column":3}},"line":106},"6":{"name":"(anonymous_6)","decl":{"start":{"line":120,"column":2},"end":{"line":120,"column":3}},"loc":{"start":{"line":120,"column":26},"end":{"line":131,"column":3}},"line":120},"7":{"name":"(anonymous_7)","decl":{"start":{"line":138,"column":2},"end":{"line":138,"column":3}},"loc":{"start":{"line":144,"column":5},"end":{"line":150,"column":3}},"line":144},"8":{"name":"(anonymous_8)","decl":{"start":{"line":152,"column":2},"end":{"line":152,"column":3}},"loc":{"start":{"line":152,"column":13},"end":{"line":166,"column":3}},"line":152},"9":{"name":"(anonymous_9)","decl":{"start":{"line":168,"column":2},"end":{"line":168,"column":3}},"loc":{"start":{"line":168,"column":61},"end":{"line":172,"column":3}},"line":168},"10":{"name":"(anonymous_10)","decl":{"start":{"line":179,"column":2},"end":{"line":179,"column":3}},"loc":{"start":{"line":184,"column":5},"end":{"line":189,"column":3}},"line":184},"11":{"name":"(anonymous_11)","decl":{"start":{"line":191,"column":2},"end":{"line":191,"column":3}},"loc":{"start":{"line":191,"column":13},"end":{"line":202,"column":3}},"line":191},"12":{"name":"(anonymous_12)","decl":{"start":{"line":209,"column":2},"end":{"line":209,"column":3}},"loc":{"start":{"line":213,"column":5},"end":{"line":217,"column":3}},"line":213},"13":{"name":"(anonymous_13)","decl":{"start":{"line":219,"column":2},"end":{"line":219,"column":3}},"loc":{"start":{"line":219,"column":13},"end":{"line":229,"column":3}},"line":219},"14":{"name":"(anonymous_14)","decl":{"start":{"line":231,"column":2},"end":{"line":231,"column":3}},"loc":{"start":{"line":231,"column":14},"end":{"line":233,"column":3}},"line":231},"15":{"name":"(anonymous_15)","decl":{"start":{"line":240,"column":2},"end":{"line":240,"column":3}},"loc":{"start":{"line":244,"column":5},"end":{"line":249,"column":3}},"line":244},"16":{"name":"(anonymous_16)","decl":{"start":{"line":251,"column":2},"end":{"line":251,"column":3}},"loc":{"start":{"line":251,"column":13},"end":{"line":261,"column":3}},"line":251}},"branchMap":{"0":{"loc":{"start":{"line":14,"column":4},"end":{"line":14,"column":13}},"type":"default-arg","locations":[{"start":{"line":14,"column":11},"end":{"line":14,"column":13}}],"line":14},"1":{"loc":{"start":{"line":15,"column":4},"end":{"line":15,"column":28}},"type":"default-arg","locations":[{"start":{"line":15,"column":18},"end":{"line":15,"column":28}}],"line":15},"2":{"loc":{"start":{"line":16,"column":4},"end":{"line":16,"column":20}},"type":"default-arg","locations":[{"start":{"line":16,"column":17},"end":{"line":16,"column":20}}],"line":16},"3":{"loc":{"start":{"line":17,"column":4},"end":{"line":17,"column":23}},"type":"default-arg","locations":[{"start":{"line":17,"column":21},"end":{"line":17,"column":23}}],"line":17},"4":{"loc":{"start":{"line":32,"column":4},"end":{"line":32,"column":48}},"type":"if","locations":[{"start":{"line":32,"column":4},"end":{"line":32,"column":48}},{"start":{},"end":{}}],"line":32},"5":{"loc":{"start":{"line":33,"column":4},"end":{"line":33,"column":65}},"type":"if","locations":[{"start":{"line":33,"column":4},"end":{"line":33,"column":65}},{"start":{},"end":{}}],"line":33},"6":{"loc":{"start":{"line":34,"column":4},"end":{"line":34,"column":54}},"type":"if","locations":[{"start":{"line":34,"column":4},"end":{"line":34,"column":54}},{"start":{},"end":{}}],"line":34},"7":{"loc":{"start":{"line":35,"column":4},"end":{"line":35,"column":58}},"type":"if","locations":[{"start":{"line":35,"column":4},"end":{"line":35,"column":58}},{"start":{},"end":{}}],"line":35},"8":{"loc":{"start":{"line":36,"column":4},"end":{"line":38,"column":5}},"type":"if","locations":[{"start":{"line":36,"column":4},"end":{"line":38,"column":5}},{"start":{},"end":{}}],"line":36},"9":{"loc":{"start":{"line":36,"column":8},"end":{"line":36,"column":50}},"type":"binary-expr","locations":[{"start":{"line":36,"column":8},"end":{"line":36,"column":27}},{"start":{"line":36,"column":31},"end":{"line":36,"column":50}}],"line":36},"10":{"loc":{"start":{"line":55,"column":4},"end":{"line":55,"column":23}},"type":"default-arg","locations":[{"start":{"line":55,"column":21},"end":{"line":55,"column":23}}],"line":55},"11":{"loc":{"start":{"line":68,"column":4},"end":{"line":68,"column":65}},"type":"if","locations":[{"start":{"line":68,"column":4},"end":{"line":68,"column":65}},{"start":{},"end":{}}],"line":68},"12":{"loc":{"start":{"line":69,"column":4},"end":{"line":69,"column":63}},"type":"if","locations":[{"start":{"line":69,"column":4},"end":{"line":69,"column":63}},{"start":{},"end":{}}],"line":69},"13":{"loc":{"start":{"line":91,"column":4},"end":{"line":91,"column":20}},"type":"default-arg","locations":[{"start":{"line":91,"column":19},"end":{"line":91,"column":20}}],"line":91},"14":{"loc":{"start":{"line":92,"column":4},"end":{"line":92,"column":27}},"type":"default-arg","locations":[{"start":{"line":92,"column":25},"end":{"line":92,"column":27}}],"line":92},"15":{"loc":{"start":{"line":109,"column":4},"end":{"line":109,"column":48}},"type":"if","locations":[{"start":{"line":109,"column":4},"end":{"line":109,"column":48}},{"start":{},"end":{}}],"line":109},"16":{"loc":{"start":{"line":110,"column":4},"end":{"line":110,"column":50}},"type":"if","locations":[{"start":{"line":110,"column":4},"end":{"line":110,"column":50}},{"start":{},"end":{}}],"line":110},"17":{"loc":{"start":{"line":111,"column":4},"end":{"line":111,"column":58}},"type":"if","locations":[{"start":{"line":111,"column":4},"end":{"line":111,"column":58}},{"start":{},"end":{}}],"line":111},"18":{"loc":{"start":{"line":112,"column":4},"end":{"line":112,"column":60}},"type":"if","locations":[{"start":{"line":112,"column":4},"end":{"line":112,"column":60}},{"start":{},"end":{}}],"line":112},"19":{"loc":{"start":{"line":121,"column":30},"end":{"line":121,"column":76}},"type":"cond-expr","locations":[{"start":{"line":121,"column":49},"end":{"line":121,"column":72}},{"start":{"line":121,"column":75},"end":{"line":121,"column":76}}],"line":121},"20":{"loc":{"start":{"line":143,"column":4},"end":{"line":143,"column":27}},"type":"default-arg","locations":[{"start":{"line":143,"column":25},"end":{"line":143,"column":27}}],"line":143},"21":{"loc":{"start":{"line":155,"column":4},"end":{"line":155,"column":57}},"type":"if","locations":[{"start":{"line":155,"column":4},"end":{"line":155,"column":57}},{"start":{},"end":{}}],"line":155},"22":{"loc":{"start":{"line":156,"column":4},"end":{"line":156,"column":91}},"type":"if","locations":[{"start":{"line":156,"column":4},"end":{"line":156,"column":91}},{"start":{},"end":{}}],"line":156},"23":{"loc":{"start":{"line":157,"column":4},"end":{"line":157,"column":105}},"type":"if","locations":[{"start":{"line":157,"column":4},"end":{"line":157,"column":105}},{"start":{},"end":{}}],"line":157},"24":{"loc":{"start":{"line":158,"column":4},"end":{"line":160,"column":5}},"type":"if","locations":[{"start":{"line":158,"column":4},"end":{"line":160,"column":5}},{"start":{},"end":{}}],"line":158},"25":{"loc":{"start":{"line":169,"column":4},"end":{"line":169,"column":67}},"type":"if","locations":[{"start":{"line":169,"column":4},"end":{"line":169,"column":67}},{"start":{},"end":{}}],"line":169},"26":{"loc":{"start":{"line":169,"column":8},"end":{"line":169,"column":51}},"type":"binary-expr","locations":[{"start":{"line":169,"column":8},"end":{"line":169,"column":23}},{"start":{"line":169,"column":27},"end":{"line":169,"column":51}}],"line":169},"27":{"loc":{"start":{"line":170,"column":4},"end":{"line":170,"column":69}},"type":"if","locations":[{"start":{"line":170,"column":4},"end":{"line":170,"column":69}},{"start":{},"end":{}}],"line":170},"28":{"loc":{"start":{"line":170,"column":8},"end":{"line":170,"column":51}},"type":"binary-expr","locations":[{"start":{"line":170,"column":8},"end":{"line":170,"column":23}},{"start":{"line":170,"column":27},"end":{"line":170,"column":51}}],"line":170},"29":{"loc":{"start":{"line":181,"column":4},"end":{"line":181,"column":18}},"type":"default-arg","locations":[{"start":{"line":181,"column":14},"end":{"line":181,"column":18}}],"line":181},"30":{"loc":{"start":{"line":182,"column":4},"end":{"line":182,"column":16}},"type":"default-arg","locations":[{"start":{"line":182,"column":12},"end":{"line":182,"column":16}}],"line":182},"31":{"loc":{"start":{"line":183,"column":4},"end":{"line":183,"column":17}},"type":"default-arg","locations":[{"start":{"line":183,"column":13},"end":{"line":183,"column":17}}],"line":183},"32":{"loc":{"start":{"line":194,"column":4},"end":{"line":194,"column":84}},"type":"if","locations":[{"start":{"line":194,"column":4},"end":{"line":194,"column":84}},{"start":{},"end":{}}],"line":194},"33":{"loc":{"start":{"line":195,"column":4},"end":{"line":195,"column":101}},"type":"if","locations":[{"start":{"line":195,"column":4},"end":{"line":195,"column":101}},{"start":{},"end":{}}],"line":195},"34":{"loc":{"start":{"line":195,"column":8},"end":{"line":195,"column":37}},"type":"binary-expr","locations":[{"start":{"line":195,"column":8},"end":{"line":195,"column":20}},{"start":{"line":195,"column":24},"end":{"line":195,"column":37}}],"line":195},"35":{"loc":{"start":{"line":196,"column":4},"end":{"line":196,"column":101}},"type":"if","locations":[{"start":{"line":196,"column":4},"end":{"line":196,"column":101}},{"start":{},"end":{}}],"line":196},"36":{"loc":{"start":{"line":196,"column":8},"end":{"line":196,"column":36}},"type":"binary-expr","locations":[{"start":{"line":196,"column":8},"end":{"line":196,"column":21}},{"start":{"line":196,"column":25},"end":{"line":196,"column":36}}],"line":196},"37":{"loc":{"start":{"line":212,"column":4},"end":{"line":212,"column":16}},"type":"default-arg","locations":[{"start":{"line":212,"column":14},"end":{"line":212,"column":16}}],"line":212},"38":{"loc":{"start":{"line":222,"column":4},"end":{"line":222,"column":80}},"type":"if","locations":[{"start":{"line":222,"column":4},"end":{"line":222,"column":80}},{"start":{},"end":{}}],"line":222},"39":{"loc":{"start":{"line":223,"column":4},"end":{"line":223,"column":104}},"type":"if","locations":[{"start":{"line":223,"column":4},"end":{"line":223,"column":104}},{"start":{},"end":{}}],"line":223},"40":{"loc":{"start":{"line":223,"column":8},"end":{"line":223,"column":47}},"type":"binary-expr","locations":[{"start":{"line":223,"column":8},"end":{"line":223,"column":25}},{"start":{"line":223,"column":29},"end":{"line":223,"column":47}}],"line":223},"41":{"loc":{"start":{"line":232,"column":11},"end":{"line":232,"column":50}},"type":"binary-expr","locations":[{"start":{"line":232,"column":11},"end":{"line":232,"column":29}},{"start":{"line":232,"column":33},"end":{"line":232,"column":50}}],"line":232},"42":{"loc":{"start":{"line":243,"column":4},"end":{"line":243,"column":18}},"type":"default-arg","locations":[{"start":{"line":243,"column":14},"end":{"line":243,"column":18}}],"line":243},"43":{"loc":{"start":{"line":254,"column":4},"end":{"line":254,"column":58}},"type":"if","locations":[{"start":{"line":254,"column":4},"end":{"line":254,"column":58}},{"start":{},"end":{}}],"line":254},"44":{"loc":{"start":{"line":255,"column":4},"end":{"line":255,"column":64}},"type":"if","locations":[{"start":{"line":255,"column":4},"end":{"line":255,"column":64}},{"start":{},"end":{}}],"line":255}},"s":{"0":114,"1":114,"2":114,"3":114,"4":114,"5":114,"6":114,"7":114,"8":102,"9":102,"10":1,"11":102,"12":1,"13":102,"14":1,"15":102,"16":1,"17":102,"18":0,"19":102,"20":16,"21":16,"22":16,"23":16,"24":16,"25":0,"26":0,"27":0,"28":0,"29":0,"30":0,"31":1725,"32":1725,"33":1725,"34":1725,"35":1725,"36":1725,"37":1725,"38":1725,"39":1725,"40":1725,"41":0,"42":0,"43":0,"44":0,"45":0,"46":0,"47":0,"48":0,"49":0,"50":0,"51":2828,"52":2828,"53":2828,"54":2828,"55":2828,"56":139,"57":139,"58":139,"59":139,"60":139,"61":100,"62":100,"63":0,"64":100,"65":0,"66":100,"67":0,"68":100,"69":0,"70":100,"71":142,"72":116,"73":26,"74":10,"75":16,"76":131,"77":131,"78":131,"79":131,"80":102,"81":102,"82":0,"83":102,"84":0,"85":102,"86":0,"87":102,"88":102,"89":102,"90":102,"91":0,"92":0,"93":0,"94":0,"95":0,"96":0,"97":102,"98":172,"99":172,"100":172,"101":172,"102":101,"103":101,"104":0,"105":101,"106":0,"107":101,"108":8},"f":{"0":114,"1":102,"2":16,"3":0,"4":1725,"5":0,"6":2828,"7":139,"8":100,"9":142,"10":131,"11":102,"12":102,"13":0,"14":102,"15":172,"16":101},"b":{"0":[2],"1":[102],"2":[2],"3":[2],"4":[1,101],"5":[1,101],"6":[1,101],"7":[1,101],"8":[0,102],"9":[102,102],"10":[0],"11":[0,0],"12":[0,0],"13":[0],"14":[0],"15":[0,0],"16":[0,0],"17":[0,0],"18":[0,0],"19":[2734,94],"20":[0],"21":[0,100],"22":[0,100],"23":[0,100],"24":[0,100],"25":[116,26],"26":[142,116],"27":[10,16],"28":[26,10],"29":[17],"30":[114],"31":[117],"32":[0,102],"33":[0,102],"34":[102,101],"35":[0,102],"36":[102,1],"37":[102],"38":[0,0],"39":[0,0],"40":[0,0],"41":[102,102],"42":[72],"43":[0,101],"44":[0,101]},"_coverageSchema":"1a1c01bbd47fc00a2c39e90264f33305004495a9","hash":"046da4715f4a4c071ada3722a75f4d5a2d39046c"}
,"/Users/adarsh/Documents/atlassian-williams-project/src/scanners/backgroundScanner.js": {"path":"/Users/adarsh/Documents/atlassian-williams-project/src/scanners/backgroundScanner.js","statementMap":{"0":{"start":{"line":1,"column":12},"end":{"line":1,"column":33}},"1":{"start":{"line":2,"column":43},"end":{"line":2,"column":63}},"2":{"start":{"line":14,"column":2},"end":{"line":78,"column":3}},"3":{"start":{"line":15,"column":4},"end":{"line":15,"column":50}},"4":{"start":{"line":18,"column":24},"end":{"line":18,"column":46}},"5":{"start":{"line":19,"column":4},"end":{"line":19,"column":60}},"6":{"start":{"line":21,"column":20},"end":{"line":21,"column":22}},"7":{"start":{"line":23,"column":4},"end":{"line":57,"column":5}},"8":{"start":{"line":24,"column":6},"end":{"line":56,"column":7}},"9":{"start":{"line":26,"column":30},"end":{"line":26,"column":73}},"10":{"start":{"line":28,"column":8},"end":{"line":53,"column":9}},"11":{"start":{"line":30,"column":37},"end":{"line":30,"column":79}},"12":{"start":{"line":33,"column":28},"end":{"line":36,"column":11}},"13":{"start":{"line":39,"column":25},"end":{"line":45,"column":12}},"14":{"start":{"line":47,"column":10},"end":{"line":47,"column":31}},"15":{"start":{"line":50,"column":10},"end":{"line":52,"column":11}},"16":{"start":{"line":51,"column":12},"end":{"line":51,"column":54}},"17":{"start":{"line":55,"column":8},"end":{"line":55,"column":85}},"18":{"start":{"line":59,"column":4},"end":{"line":59,"column":110}},"19":{"start":{"line":61,"column":4},"end":{"line":69,"column":6}},"20":{"start":{"line":67,"column":43},"end":{"line":67,"column":65}},"21":{"start":{"line":72,"column":4},"end":{"line":72,"column":58}},"22":{"start":{"line":73,"column":4},"end":{"line":77,"column":6}},"23":{"start":{"line":86,"column":2},"end":{"line":111,"column":3}},"24":{"start":{"line":88,"column":16},"end":{"line":88,"column":55}},"25":{"start":{"line":89,"column":21},"end":{"line":89,"column":118}},"26":{"start":{"line":91,"column":4},"end":{"line":93,"column":5}},"27":{"start":{"line":92,"column":6},"end":{"line":92,"column":16}},"28":{"start":{"line":96,"column":20},"end":{"line":96,"column":29}},"29":{"start":{"line":97,"column":4},"end":{"line":104,"column":7}},"30":{"start":{"line":98,"column":6},"end":{"line":103,"column":7}},"31":{"start":{"line":99,"column":8},"end":{"line":102,"column":11}},"32":{"start":{"line":106,"column":4},"end":{"line":106,"column":40}},"33":{"start":{"line":109,"column":4},"end":{"line":109,"column":64}},"34":{"start":{"line":110,"column":4},"end":{"line":110,"column":14}},"35":{"start":{"line":120,"column":2},"end":{"line":157,"column":3}},"36":{"start":{"line":122,"column":16},"end":{"line":122,"column":83}},"37":{"start":{"line":123,"column":21},"end":{"line":123,"column":134}},"38":{"start":{"line":125,"column":4},"end":{"line":127,"column":5}},"39":{"start":{"line":126,"column":6},"end":{"line":126,"column":16}},"40":{"start":{"line":129,"column":26},"end":{"line":129,"column":28}},"41":{"start":{"line":131,"column":4},"end":{"line":150,"column":5}},"42":{"start":{"line":132,"column":21},"end":{"line":143,"column":8}},"43":{"start":{"line":146,"column":23},"end":{"line":146,"column":53}},"44":{"start":{"line":147,"column":6},"end":{"line":149,"column":7}},"45":{"start":{"line":148,"column":8},"end":{"line":148,"column":35}},"46":{"start":{"line":152,"column":4},"end":{"line":152,"column":25}},"47":{"start":{"line":155,"column":4},"end":{"line":155,"column":89}},"48":{"start":{"line":156,"column":4},"end":{"line":156,"column":14}},"49":{"start":{"line":166,"column":2},"end":{"line":166,"column":37}},"50":{"start":{"line":166,"column":28},"end":{"line":166,"column":37}},"51":{"start":{"line":168,"column":21},"end":{"line":170,"column":7}},"52":{"start":{"line":169,"column":4},"end":{"line":169,"column":48}},"53":{"start":{"line":172,"column":2},"end":{"line":172,"column":37}},"54":{"start":{"line":181,"column":2},"end":{"line":181,"column":30}},"55":{"start":{"line":181,"column":20},"end":{"line":181,"column":30}},"56":{"start":{"line":184,"column":19},"end":{"line":184,"column":39}},"57":{"start":{"line":185,"column":15},"end":{"line":185,"column":48}},"58":{"start":{"line":188,"column":2},"end":{"line":194,"column":5}},"59":{"start":{"line":189,"column":21},"end":{"line":189,"column":38}},"60":{"start":{"line":190,"column":4},"end":{"line":193,"column":46}},"61":{"start":{"line":204,"column":18},"end":{"line":204,"column":20}},"62":{"start":{"line":206,"column":2},"end":{"line":217,"column":3}},"63":{"start":{"line":207,"column":4},"end":{"line":207,"column":66}},"64":{"start":{"line":208,"column":4},"end":{"line":208,"column":67}},"65":{"start":{"line":209,"column":4},"end":{"line":209,"column":62}},"66":{"start":{"line":210,"column":9},"end":{"line":217,"column":3}},"67":{"start":{"line":211,"column":4},"end":{"line":211,"column":52}},"68":{"start":{"line":212,"column":4},"end":{"line":212,"column":51}},"69":{"start":{"line":213,"column":4},"end":{"line":213,"column":45}},"70":{"start":{"line":215,"column":4},"end":{"line":215,"column":59}},"71":{"start":{"line":216,"column":4},"end":{"line":216,"column":51}},"72":{"start":{"line":219,"column":2},"end":{"line":221,"column":3}},"73":{"start":{"line":220,"column":4},"end":{"line":220,"column":53}},"74":{"start":{"line":223,"column":2},"end":{"line":223,"column":17}},"75":{"start":{"line":232,"column":23},"end":{"line":244,"column":3}},"76":{"start":{"line":247,"column":2},"end":{"line":247,"column":73}},"77":{"start":{"line":250,"column":2},"end":{"line":250,"column":117}},"78":{"start":{"line":253,"column":0},"end":{"line":260,"column":2}}},"fnMap":{"0":{"name":"scanForGaps","decl":{"start":{"line":13,"column":15},"end":{"line":13,"column":26}},"loc":{"start":{"line":13,"column":32},"end":{"line":79,"column":1}},"line":13},"1":{"name":"(anonymous_1)","decl":{"start":{"line":67,"column":38},"end":{"line":67,"column":39}},"loc":{"start":{"line":67,"column":43},"end":{"line":67,"column":65}},"line":67},"2":{"name":"getActiveUsers","decl":{"start":{"line":85,"column":15},"end":{"line":85,"column":29}},"loc":{"start":{"line":85,"column":32},"end":{"line":112,"column":1}},"line":85},"3":{"name":"(anonymous_3)","decl":{"start":{"line":97,"column":33},"end":{"line":97,"column":34}},"loc":{"start":{"line":97,"column":42},"end":{"line":104,"column":5}},"line":97},"4":{"name":"identifyZombieTickets","decl":{"start":{"line":119,"column":15},"end":{"line":119,"column":36}},"loc":{"start":{"line":119,"column":45},"end":{"line":158,"column":1}},"line":119},"5":{"name":"calculateDocumentationRatio","decl":{"start":{"line":165,"column":9},"end":{"line":165,"column":36}},"loc":{"start":{"line":165,"column":46},"end":{"line":173,"column":1}},"line":165},"6":{"name":"(anonymous_6)","decl":{"start":{"line":168,"column":36},"end":{"line":168,"column":37}},"loc":{"start":{"line":168,"column":53},"end":{"line":170,"column":3}},"line":168},"7":{"name":"extractDocumentationLinks","decl":{"start":{"line":180,"column":9},"end":{"line":180,"column":34}},"loc":{"start":{"line":180,"column":48},"end":{"line":195,"column":1}},"line":180},"8":{"name":"(anonymous_8)","decl":{"start":{"line":188,"column":21},"end":{"line":188,"column":22}},"loc":{"start":{"line":188,"column":28},"end":{"line":194,"column":3}},"line":188},"9":{"name":"generateRecommendedActions","decl":{"start":{"line":203,"column":9},"end":{"line":203,"column":35}},"loc":{"start":{"line":203,"column":60},"end":{"line":224,"column":1}},"line":203},"10":{"name":"logKnowledgeGapNotification","decl":{"start":{"line":231,"column":9},"end":{"line":231,"column":36}},"loc":{"start":{"line":231,"column":51},"end":{"line":251,"column":1}},"line":231}},"branchMap":{"0":{"loc":{"start":{"line":28,"column":8},"end":{"line":53,"column":9}},"type":"if","locations":[{"start":{"line":28,"column":8},"end":{"line":53,"column":9}},{"start":{},"end":{}}],"line":28},"1":{"loc":{"start":{"line":50,"column":10},"end":{"line":52,"column":11}},"type":"if","locations":[{"start":{"line":50,"column":10},"end":{"line":52,"column":11}},{"start":{},"end":{}}],"line":50},"2":{"loc":{"start":{"line":91,"column":4},"end":{"line":93,"column":5}},"type":"if","locations":[{"start":{"line":91,"column":4},"end":{"line":93,"column":5}},{"start":{},"end":{}}],"line":91},"3":{"loc":{"start":{"line":91,"column":8},"end":{"line":91,"column":47}},"type":"binary-expr","locations":[{"start":{"line":91,"column":8},"end":{"line":91,"column":22}},{"start":{"line":91,"column":26},"end":{"line":91,"column":47}}],"line":91},"4":{"loc":{"start":{"line":98,"column":6},"end":{"line":103,"column":7}},"type":"if","locations":[{"start":{"line":98,"column":6},"end":{"line":103,"column":7}},{"start":{},"end":{}}],"line":98},"5":{"loc":{"start":{"line":98,"column":10},"end":{"line":98,"column":66}},"type":"binary-expr","locations":[{"start":{"line":98,"column":10},"end":{"line":98,"column":31}},{"start":{"line":98,"column":35},"end":{"line":98,"column":66}}],"line":98},"6":{"loc":{"start":{"line":101,"column":23},"end":{"line":101,"column":74}},"type":"binary-expr","locations":[{"start":{"line":101,"column":23},"end":{"line":101,"column":56}},{"start":{"line":101,"column":60},"end":{"line":101,"column":74}}],"line":101},"7":{"loc":{"start":{"line":125,"column":4},"end":{"line":127,"column":5}},"type":"if","locations":[{"start":{"line":125,"column":4},"end":{"line":127,"column":5}},{"start":{},"end":{}}],"line":125},"8":{"loc":{"start":{"line":125,"column":8},"end":{"line":125,"column":47}},"type":"binary-expr","locations":[{"start":{"line":125,"column":8},"end":{"line":125,"column":22}},{"start":{"line":125,"column":26},"end":{"line":125,"column":47}}],"line":125},"9":{"loc":{"start":{"line":136,"column":21},"end":{"line":136,"column":51}},"type":"binary-expr","locations":[{"start":{"line":136,"column":21},"end":{"line":136,"column":45}},{"start":{"line":136,"column":49},"end":{"line":136,"column":51}}],"line":136},"10":{"loc":{"start":{"line":141,"column":22},"end":{"line":141,"column":75}},"type":"cond-expr","locations":[{"start":{"line":141,"column":45},"end":{"line":141,"column":71}},{"start":{"line":141,"column":74},"end":{"line":141,"column":75}}],"line":141},"11":{"loc":{"start":{"line":142,"column":54},"end":{"line":142,"column":84}},"type":"binary-expr","locations":[{"start":{"line":142,"column":54},"end":{"line":142,"column":78}},{"start":{"line":142,"column":82},"end":{"line":142,"column":84}}],"line":142},"12":{"loc":{"start":{"line":147,"column":6},"end":{"line":149,"column":7}},"type":"if","locations":[{"start":{"line":147,"column":6},"end":{"line":149,"column":7}},{"start":{},"end":{}}],"line":147},"13":{"loc":{"start":{"line":166,"column":2},"end":{"line":166,"column":37}},"type":"if","locations":[{"start":{"line":166,"column":2},"end":{"line":166,"column":37}},{"start":{},"end":{}}],"line":166},"14":{"loc":{"start":{"line":181,"column":2},"end":{"line":181,"column":30}},"type":"if","locations":[{"start":{"line":181,"column":2},"end":{"line":181,"column":30}},{"start":{},"end":{}}],"line":181},"15":{"loc":{"start":{"line":185,"column":15},"end":{"line":185,"column":48}},"type":"binary-expr","locations":[{"start":{"line":185,"column":15},"end":{"line":185,"column":42}},{"start":{"line":185,"column":46},"end":{"line":185,"column":48}}],"line":185},"16":{"loc":{"start":{"line":190,"column":11},"end":{"line":193,"column":45}},"type":"binary-expr","locations":[{"start":{"line":190,"column":11},"end":{"line":190,"column":42}},{"start":{"line":191,"column":11},"end":{"line":191,"column":36}},{"start":{"line":192,"column":11},"end":{"line":192,"column":36}},{"start":{"line":193,"column":11},"end":{"line":193,"column":45}}],"line":190},"17":{"loc":{"start":{"line":206,"column":2},"end":{"line":217,"column":3}},"type":"if","locations":[{"start":{"line":206,"column":2},"end":{"line":217,"column":3}},{"start":{"line":210,"column":9},"end":{"line":217,"column":3}}],"line":206},"18":{"loc":{"start":{"line":210,"column":9},"end":{"line":217,"column":3}},"type":"if","locations":[{"start":{"line":210,"column":9},"end":{"line":217,"column":3}},{"start":{"line":214,"column":9},"end":{"line":217,"column":3}}],"line":210},"19":{"loc":{"start":{"line":219,"column":2},"end":{"line":221,"column":3}},"type":"if","locations":[{"start":{"line":219,"column":2},"end":{"line":221,"column":3}},{"start":{},"end":{}}],"line":219}},"s":{"0":4,"1":4,"2":29,"3":29,"4":29,"5":29,"6":29,"7":29,"8":39,"9":39,"10":39,"11":39,"12":39,"13":39,"14":39,"15":39,"16":15,"17":0,"18":29,"19":29,"20":39,"21":0,"22":0,"23":29,"24":29,"25":29,"26":24,"27":0,"28":24,"29":24,"30":172,"31":172,"32":24,"33":5,"34":5,"35":40,"36":40,"37":40,"38":40,"39":0,"40":40,"41":40,"42":1114,"43":1114,"44":1114,"45":1104,"46":40,"47":0,"48":0,"49":90,"50":0,"51":90,"52":1613,"53":90,"54":1115,"55":10,"56":1105,"57":1105,"58":1105,"59":3,"60":3,"61":142,"62":142,"63":58,"64":58,"65":58,"66":84,"67":48,"68":48,"69":48,"70":36,"71":36,"72":142,"73":51,"74":142,"75":36,"76":36,"77":36,"78":4},"f":{"0":29,"1":39,"2":29,"3":172,"4":40,"5":90,"6":1613,"7":1115,"8":3,"9":142,"10":36},"b":{"0":[39,0],"1":[15,24],"2":[0,24],"3":[24,24],"4":[172,0],"5":[172,172],"6":[172,0],"7":[0,40],"8":[40,40],"9":[1114,10],"10":[1114,0],"11":[1114,10],"12":[1104,10],"13":[0,90],"14":[10,1105],"15":[1105,1103],"16":[3,1,0,0],"17":[58,84],"18":[48,36],"19":[51,91]},"_coverageSchema":"1a1c01bbd47fc00a2c39e90264f33305004495a9","hash":"39d1ec78ac07170fbb30301020e515625b82204b"}
,"/Users/adarsh/Documents/atlassian-williams-project/src/services/confluenceService.js": {"path":"/Users/adarsh/Documents/atlassian-williams-project/src/services/confluenceService.js","statementMap":{"0":{"start":{"line":1,"column":12},"end":{"line":1,"column":33}},"1":{"start":{"line":2,"column":43},"end":{"line":2,"column":63}},"2":{"start":{"line":15,"column":2},"end":{"line":105,"column":3}},"3":{"start":{"line":16,"column":31},"end":{"line":16,"column":42}},"4":{"start":{"line":19,"column":4},"end":{"line":24,"column":5}},"5":{"start":{"line":20,"column":6},"end":{"line":23,"column":9}},"6":{"start":{"line":26,"column":4},"end":{"line":26,"column":56}},"7":{"start":{"line":29,"column":27},"end":{"line":29,"column":54}},"8":{"start":{"line":30,"column":4},"end":{"line":35,"column":5}},"9":{"start":{"line":31,"column":6},"end":{"line":34,"column":9}},"10":{"start":{"line":38,"column":29},"end":{"line":38,"column":58}},"11":{"start":{"line":41,"column":21},"end":{"line":53,"column":5}},"12":{"start":{"line":55,"column":21},"end":{"line":62,"column":6}},"13":{"start":{"line":64,"column":4},"end":{"line":80,"column":5}},"14":{"start":{"line":65,"column":22},"end":{"line":65,"column":49}},"15":{"start":{"line":67,"column":6},"end":{"line":67,"column":72}},"16":{"start":{"line":69,"column":6},"end":{"line":73,"column":9}},"17":{"start":{"line":75,"column":6},"end":{"line":79,"column":9}},"18":{"start":{"line":83,"column":4},"end":{"line":83,"column":68}},"19":{"start":{"line":86,"column":4},"end":{"line":91,"column":5}},"20":{"start":{"line":87,"column":6},"end":{"line":90,"column":9}},"21":{"start":{"line":93,"column":4},"end":{"line":98,"column":5}},"22":{"start":{"line":94,"column":6},"end":{"line":97,"column":9}},"23":{"start":{"line":101,"column":4},"end":{"line":104,"column":7}},"24":{"start":{"line":113,"column":2},"end":{"line":120,"column":3}},"25":{"start":{"line":115,"column":21},"end":{"line":115,"column":88}},"26":{"start":{"line":116,"column":4},"end":{"line":116,"column":35}},"27":{"start":{"line":118,"column":4},"end":{"line":118,"column":65}},"28":{"start":{"line":119,"column":4},"end":{"line":119,"column":17}},"29":{"start":{"line":131,"column":20},"end":{"line":131,"column":44}},"30":{"start":{"line":133,"column":27},"end":{"line":147,"column":1}},"31":{"start":{"line":149,"column":2},"end":{"line":149,"column":26}},"32":{"start":{"line":158,"column":2},"end":{"line":158,"column":50}},"33":{"start":{"line":158,"column":13},"end":{"line":158,"column":50}},"34":{"start":{"line":161,"column":2},"end":{"line":179,"column":16}},"35":{"start":{"line":164,"column":6},"end":{"line":164,"column":51}},"36":{"start":{"line":164,"column":41},"end":{"line":164,"column":51}},"37":{"start":{"line":167,"column":6},"end":{"line":173,"column":7}},"38":{"start":{"line":168,"column":22},"end":{"line":171,"column":19}},"39":{"start":{"line":169,"column":26},"end":{"line":169,"column":48}},"40":{"start":{"line":170,"column":23},"end":{"line":170,"column":78}},"41":{"start":{"line":172,"column":8},"end":{"line":172,"column":35}},"42":{"start":{"line":176,"column":6},"end":{"line":176,"column":54}},"43":{"start":{"line":178,"column":17},"end":{"line":178,"column":29}},"44":{"start":{"line":188,"column":22},"end":{"line":194,"column":3}},"45":{"start":{"line":196,"column":2},"end":{"line":196,"column":65}},"46":{"start":{"line":196,"column":45},"end":{"line":196,"column":63}},"47":{"start":{"line":205,"column":2},"end":{"line":208,"column":3}},"48":{"start":{"line":207,"column":4},"end":{"line":207,"column":76}},"49":{"start":{"line":211,"column":19},"end":{"line":211,"column":68}},"50":{"start":{"line":212,"column":2},"end":{"line":212,"column":90}},"51":{"start":{"line":229,"column":6},"end":{"line":229,"column":23}},"52":{"start":{"line":231,"column":27},"end":{"line":251,"column":1}},"53":{"start":{"line":239,"column":65},"end":{"line":239,"column":80}},"54":{"start":{"line":253,"column":2},"end":{"line":253,"column":26}},"55":{"start":{"line":256,"column":0},"end":{"line":264,"column":2}}},"fnMap":{"0":{"name":"saveToConfluence","decl":{"start":{"line":14,"column":15},"end":{"line":14,"column":31}},"loc":{"start":{"line":14,"column":37},"end":{"line":106,"column":1}},"line":14},"1":{"name":"validatePermissions","decl":{"start":{"line":112,"column":15},"end":{"line":112,"column":34}},"loc":{"start":{"line":112,"column":37},"end":{"line":121,"column":1}},"line":112},"2":{"name":"formatContent","decl":{"start":{"line":129,"column":9},"end":{"line":129,"column":22}},"loc":{"start":{"line":129,"column":39},"end":{"line":150,"column":1}},"line":129},"3":{"name":"formatTextToHtml","decl":{"start":{"line":157,"column":9},"end":{"line":157,"column":25}},"loc":{"start":{"line":157,"column":32},"end":{"line":180,"column":1}},"line":157},"4":{"name":"(anonymous_4)","decl":{"start":{"line":163,"column":9},"end":{"line":163,"column":10}},"loc":{"start":{"line":163,"column":22},"end":{"line":177,"column":5}},"line":163},"5":{"name":"(anonymous_5)","decl":{"start":{"line":169,"column":18},"end":{"line":169,"column":19}},"loc":{"start":{"line":169,"column":26},"end":{"line":169,"column":48}},"line":169},"6":{"name":"(anonymous_6)","decl":{"start":{"line":170,"column":15},"end":{"line":170,"column":16}},"loc":{"start":{"line":170,"column":23},"end":{"line":170,"column":78}},"line":170},"7":{"name":"(anonymous_7)","decl":{"start":{"line":178,"column":12},"end":{"line":178,"column":13}},"loc":{"start":{"line":178,"column":17},"end":{"line":178,"column":29}},"line":178},"8":{"name":"escapeHtml","decl":{"start":{"line":187,"column":9},"end":{"line":187,"column":19}},"loc":{"start":{"line":187,"column":26},"end":{"line":197,"column":1}},"line":187},"9":{"name":"(anonymous_9)","decl":{"start":{"line":196,"column":34},"end":{"line":196,"column":35}},"loc":{"start":{"line":196,"column":45},"end":{"line":196,"column":63}},"line":196},"10":{"name":"buildPageUrl","decl":{"start":{"line":204,"column":9},"end":{"line":204,"column":21}},"loc":{"start":{"line":204,"column":32},"end":{"line":213,"column":1}},"line":204},"11":{"name":"formatKnowledgeArtifact","decl":{"start":{"line":220,"column":9},"end":{"line":220,"column":32}},"loc":{"start":{"line":220,"column":52},"end":{"line":254,"column":1}},"line":220},"12":{"name":"(anonymous_12)","decl":{"start":{"line":239,"column":58},"end":{"line":239,"column":59}},"loc":{"start":{"line":239,"column":65},"end":{"line":239,"column":80}},"line":239}},"branchMap":{"0":{"loc":{"start":{"line":19,"column":4},"end":{"line":24,"column":5}},"type":"if","locations":[{"start":{"line":19,"column":4},"end":{"line":24,"column":5}},{"start":{},"end":{}}],"line":19},"1":{"loc":{"start":{"line":19,"column":8},"end":{"line":19,"column":26}},"type":"binary-expr","locations":[{"start":{"line":19,"column":8},"end":{"line":19,"column":14}},{"start":{"line":19,"column":18},"end":{"line":19,"column":26}}],"line":19},"2":{"loc":{"start":{"line":30,"column":4},"end":{"line":35,"column":5}},"type":"if","locations":[{"start":{"line":30,"column":4},"end":{"line":35,"column":5}},{"start":{},"end":{}}],"line":30},"3":{"loc":{"start":{"line":64,"column":4},"end":{"line":80,"column":5}},"type":"if","locations":[{"start":{"line":64,"column":4},"end":{"line":80,"column":5}},{"start":{"line":74,"column":11},"end":{"line":80,"column":5}}],"line":64},"4":{"loc":{"start":{"line":64,"column":8},"end":{"line":64,"column":58}},"type":"binary-expr","locations":[{"start":{"line":64,"column":8},"end":{"line":64,"column":31}},{"start":{"line":64,"column":35},"end":{"line":64,"column":58}}],"line":64},"5":{"loc":{"start":{"line":86,"column":4},"end":{"line":91,"column":5}},"type":"if","locations":[{"start":{"line":86,"column":4},"end":{"line":91,"column":5}},{"start":{},"end":{}}],"line":86},"6":{"loc":{"start":{"line":86,"column":8},"end":{"line":86,"column":75}},"type":"binary-expr","locations":[{"start":{"line":86,"column":8},"end":{"line":86,"column":42}},{"start":{"line":86,"column":46},"end":{"line":86,"column":75}}],"line":86},"7":{"loc":{"start":{"line":93,"column":4},"end":{"line":98,"column":5}},"type":"if","locations":[{"start":{"line":93,"column":4},"end":{"line":98,"column":5}},{"start":{},"end":{}}],"line":93},"8":{"loc":{"start":{"line":158,"column":2},"end":{"line":158,"column":50}},"type":"if","locations":[{"start":{"line":158,"column":2},"end":{"line":158,"column":50}},{"start":{},"end":{}}],"line":158},"9":{"loc":{"start":{"line":164,"column":6},"end":{"line":164,"column":51}},"type":"if","locations":[{"start":{"line":164,"column":6},"end":{"line":164,"column":51}},{"start":{},"end":{}}],"line":164},"10":{"loc":{"start":{"line":167,"column":6},"end":{"line":173,"column":7}},"type":"if","locations":[{"start":{"line":167,"column":6},"end":{"line":173,"column":7}},{"start":{},"end":{}}],"line":167},"11":{"loc":{"start":{"line":167,"column":10},"end":{"line":167,"column":60}},"type":"binary-expr","locations":[{"start":{"line":167,"column":10},"end":{"line":167,"column":33}},{"start":{"line":167,"column":37},"end":{"line":167,"column":60}}],"line":167},"12":{"loc":{"start":{"line":205,"column":2},"end":{"line":208,"column":3}},"type":"if","locations":[{"start":{"line":205,"column":2},"end":{"line":208,"column":3}},{"start":{},"end":{}}],"line":205},"13":{"loc":{"start":{"line":205,"column":6},"end":{"line":205,"column":46}},"type":"binary-expr","locations":[{"start":{"line":205,"column":6},"end":{"line":205,"column":21}},{"start":{"line":205,"column":25},"end":{"line":205,"column":46}}],"line":205},"14":{"loc":{"start":{"line":211,"column":19},"end":{"line":211,"column":68}},"type":"cond-expr","locations":[{"start":{"line":211,"column":36},"end":{"line":211,"column":54}},{"start":{"line":211,"column":57},"end":{"line":211,"column":68}}],"line":211},"15":{"loc":{"start":{"line":224,"column":4},"end":{"line":224,"column":13}},"type":"default-arg","locations":[{"start":{"line":224,"column":11},"end":{"line":224,"column":13}}],"line":224},"16":{"loc":{"start":{"line":227,"column":4},"end":{"line":227,"column":23}},"type":"default-arg","locations":[{"start":{"line":227,"column":21},"end":{"line":227,"column":23}}],"line":227},"17":{"loc":{"start":{"line":239,"column":2},"end":{"line":239,"column":103}},"type":"cond-expr","locations":[{"start":{"line":239,"column":20},"end":{"line":239,"column":98}},{"start":{"line":239,"column":101},"end":{"line":239,"column":103}}],"line":239},"18":{"loc":{"start":{"line":240,"column":2},"end":{"line":240,"column":106}},"type":"cond-expr","locations":[{"start":{"line":240,"column":30},"end":{"line":240,"column":101}},{"start":{"line":240,"column":104},"end":{"line":240,"column":106}}],"line":240}},"s":{"0":5,"1":5,"2":29,"3":29,"4":28,"5":4,"6":24,"7":24,"8":24,"9":11,"10":13,"11":13,"12":13,"13":13,"14":13,"15":13,"16":13,"17":0,"18":16,"19":16,"20":11,"21":5,"22":4,"23":1,"24":30,"25":30,"26":21,"27":9,"28":9,"29":14,"30":14,"31":14,"32":16,"33":0,"34":16,"35":49,"36":0,"37":49,"38":13,"39":32,"40":28,"41":13,"42":36,"43":49,"44":169,"45":169,"46":48,"47":65,"48":14,"49":51,"50":51,"51":1,"52":1,"53":2,"54":1,"55":5},"f":{"0":29,"1":30,"2":14,"3":16,"4":49,"5":32,"6":28,"7":49,"8":169,"9":48,"10":65,"11":1,"12":2},"b":{"0":[4,24],"1":[28,25],"2":[11,13],"3":[13,0],"4":[13,13],"5":[11,5],"6":[16,5],"7":[4,1],"8":[0,16],"9":[0,49],"10":[13,36],"11":[49,48],"12":[14,51],"13":[65,14],"14":[51,0],"15":[0],"16":[0],"17":[1,0],"18":[1,0]},"_coverageSchema":"1a1c01bbd47fc00a2c39e90264f33305004495a9","hash":"f6ccd7cd5f8bc5b160121fae8aa1637f88286f8a"}
,"/Users/adarsh/Documents/atlassian-williams-project/src/utils/errorHandler.js": {"path":"/Users/adarsh/Documents/atlassian-williams-project/src/utils/errorHandler.js","statementMap":{"0":{"start":{"line":1,"column":21},"end":{"line":1,"column":41}},"1":{"start":{"line":11,"column":19},"end":{"line":16,"column":1}},"2":{"start":{"line":21,"column":20},"end":{"line":27,"column":1}},"3":{"start":{"line":36,"column":20},"end":{"line":36,"column":44}},"4":{"start":{"line":37,"column":18},"end":{"line":37,"column":35}},"5":{"start":{"line":40,"column":18},"end":{"line":40,"column":43}},"6":{"start":{"line":41,"column":20},"end":{"line":41,"column":75}},"7":{"start":{"line":42,"column":17},"end":{"line":42,"column":33}},"8":{"start":{"line":44,"column":2},"end":{"line":64,"column":3}},"9":{"start":{"line":45,"column":4},"end":{"line":45,"column":46}},"10":{"start":{"line":46,"column":4},"end":{"line":46,"column":77}},"11":{"start":{"line":47,"column":4},"end":{"line":47,"column":31}},"12":{"start":{"line":48,"column":9},"end":{"line":64,"column":3}},"13":{"start":{"line":49,"column":4},"end":{"line":49,"column":38}},"14":{"start":{"line":50,"column":4},"end":{"line":50,"column":58}},"15":{"start":{"line":51,"column":4},"end":{"line":51,"column":31}},"16":{"start":{"line":52,"column":9},"end":{"line":64,"column":3}},"17":{"start":{"line":53,"column":4},"end":{"line":53,"column":38}},"18":{"start":{"line":54,"column":4},"end":{"line":54,"column":69}},"19":{"start":{"line":55,"column":4},"end":{"line":55,"column":32}},"20":{"start":{"line":56,"column":9},"end":{"line":64,"column":3}},"21":{"start":{"line":57,"column":4},"end":{"line":57,"column":42}},"22":{"start":{"line":58,"column":4},"end":{"line":58,"column":90}},"23":{"start":{"line":59,"column":4},"end":{"line":59,"column":32}},"24":{"start":{"line":60,"column":9},"end":{"line":64,"column":3}},"25":{"start":{"line":61,"column":4},"end":{"line":61,"column":45}},"26":{"start":{"line":62,"column":4},"end":{"line":62,"column":61}},"27":{"start":{"line":63,"column":4},"end":{"line":63,"column":31}},"28":{"start":{"line":67,"column":2},"end":{"line":78,"column":15}},"29":{"start":{"line":80,"column":2},"end":{"line":86,"column":4}},"30":{"start":{"line":96,"column":18},"end":{"line":96,"column":35}},"31":{"start":{"line":97,"column":20},"end":{"line":97,"column":44}},"32":{"start":{"line":100,"column":2},"end":{"line":108,"column":22}},"33":{"start":{"line":110,"column":2},"end":{"line":116,"column":4}},"34":{"start":{"line":125,"column":19},"end":{"line":130,"column":3}},"35":{"start":{"line":132,"column":2},"end":{"line":147,"column":3}},"36":{"start":{"line":134,"column":6},"end":{"line":134,"column":68}},"37":{"start":{"line":135,"column":6},"end":{"line":135,"column":12}},"38":{"start":{"line":137,"column":6},"end":{"line":137,"column":67}},"39":{"start":{"line":138,"column":6},"end":{"line":138,"column":12}},"40":{"start":{"line":140,"column":6},"end":{"line":140,"column":67}},"41":{"start":{"line":141,"column":6},"end":{"line":141,"column":12}},"42":{"start":{"line":143,"column":6},"end":{"line":143,"column":66}},"43":{"start":{"line":144,"column":6},"end":{"line":144,"column":12}},"44":{"start":{"line":146,"column":6},"end":{"line":146,"column":64}},"45":{"start":{"line":155,"column":20},"end":{"line":155,"column":43}},"46":{"start":{"line":156,"column":17},"end":{"line":156,"column":56}},"47":{"start":{"line":157,"column":2},"end":{"line":157,"column":38}},"48":{"start":{"line":167,"column":17},"end":{"line":167,"column":19}},"49":{"start":{"line":169,"column":2},"end":{"line":194,"column":3}},"50":{"start":{"line":170,"column":18},"end":{"line":170,"column":30}},"51":{"start":{"line":172,"column":4},"end":{"line":175,"column":5}},"52":{"start":{"line":173,"column":6},"end":{"line":173,"column":42}},"53":{"start":{"line":174,"column":6},"end":{"line":174,"column":15}},"54":{"start":{"line":177,"column":4},"end":{"line":193,"column":5}},"55":{"start":{"line":178,"column":6},"end":{"line":180,"column":7}},"56":{"start":{"line":179,"column":8},"end":{"line":179,"column":62}},"57":{"start":{"line":182,"column":6},"end":{"line":184,"column":7}},"58":{"start":{"line":183,"column":8},"end":{"line":183,"column":84}},"59":{"start":{"line":186,"column":6},"end":{"line":188,"column":7}},"60":{"start":{"line":187,"column":8},"end":{"line":187,"column":88}},"61":{"start":{"line":190,"column":6},"end":{"line":192,"column":7}},"62":{"start":{"line":191,"column":8},"end":{"line":191,"column":50}},"63":{"start":{"line":196,"column":2},"end":{"line":201,"column":3}},"64":{"start":{"line":197,"column":4},"end":{"line":200,"column":7}},"65":{"start":{"line":211,"column":2},"end":{"line":217,"column":4}},"66":{"start":{"line":212,"column":4},"end":{"line":216,"column":5}},"67":{"start":{"line":213,"column":6},"end":{"line":213,"column":31}},"68":{"start":{"line":215,"column":6},"end":{"line":215,"column":44}},"69":{"start":{"line":226,"column":2},"end":{"line":228,"column":3}},"70":{"start":{"line":227,"column":4},"end":{"line":227,"column":17}},"71":{"start":{"line":230,"column":2},"end":{"line":232,"column":3}},"72":{"start":{"line":231,"column":4},"end":{"line":231,"column":64}},"73":{"start":{"line":234,"column":2},"end":{"line":236,"column":3}},"74":{"start":{"line":235,"column":4},"end":{"line":235,"column":67}},"75":{"start":{"line":238,"column":2},"end":{"line":240,"column":3}},"76":{"start":{"line":239,"column":4},"end":{"line":239,"column":85}},"77":{"start":{"line":242,"column":2},"end":{"line":242,"column":65}},"78":{"start":{"line":251,"column":25},"end":{"line":251,"column":67}},"79":{"start":{"line":252,"column":28},"end":{"line":252,"column":58}},"80":{"start":{"line":254,"column":2},"end":{"line":256,"column":3}},"81":{"start":{"line":255,"column":4},"end":{"line":255,"column":16}},"82":{"start":{"line":258,"column":2},"end":{"line":260,"column":3}},"83":{"start":{"line":259,"column":4},"end":{"line":259,"column":16}},"84":{"start":{"line":262,"column":2},"end":{"line":262,"column":15}},"85":{"start":{"line":265,"column":0},"end":{"line":276,"column":2}}},"fnMap":{"0":{"name":"handleApiError","decl":{"start":{"line":35,"column":9},"end":{"line":35,"column":23}},"loc":{"start":{"line":35,"column":52},"end":{"line":87,"column":1}},"line":35},"1":{"name":"handle403Error","decl":{"start":{"line":95,"column":9},"end":{"line":95,"column":23}},"loc":{"start":{"line":95,"column":53},"end":{"line":117,"column":1}},"line":95},"2":{"name":"logError","decl":{"start":{"line":124,"column":9},"end":{"line":124,"column":17}},"loc":{"start":{"line":124,"column":53},"end":{"line":148,"column":1}},"line":124},"3":{"name":"generateErrorId","decl":{"start":{"line":154,"column":9},"end":{"line":154,"column":24}},"loc":{"start":{"line":154,"column":27},"end":{"line":158,"column":1}},"line":154},"4":{"name":"validateInput","decl":{"start":{"line":166,"column":9},"end":{"line":166,"column":22}},"loc":{"start":{"line":166,"column":38},"end":{"line":202,"column":1}},"line":166},"5":{"name":"withErrorHandling","decl":{"start":{"line":210,"column":9},"end":{"line":210,"column":26}},"loc":{"start":{"line":210,"column":40},"end":{"line":218,"column":1}},"line":210},"6":{"name":"(anonymous_6)","decl":{"start":{"line":211,"column":9},"end":{"line":211,"column":10}},"loc":{"start":{"line":211,"column":28},"end":{"line":217,"column":3}},"line":211},"7":{"name":"formatErrorMessage","decl":{"start":{"line":225,"column":9},"end":{"line":225,"column":27}},"loc":{"start":{"line":225,"column":35},"end":{"line":243,"column":1}},"line":225},"8":{"name":"isRetryableError","decl":{"start":{"line":250,"column":9},"end":{"line":250,"column":25}},"loc":{"start":{"line":250,"column":33},"end":{"line":263,"column":1}},"line":250}},"branchMap":{"0":{"loc":{"start":{"line":35,"column":31},"end":{"line":35,"column":50}},"type":"default-arg","locations":[{"start":{"line":35,"column":41},"end":{"line":35,"column":50}}],"line":35},"1":{"loc":{"start":{"line":44,"column":2},"end":{"line":64,"column":3}},"type":"if","locations":[{"start":{"line":44,"column":2},"end":{"line":64,"column":3}},{"start":{"line":48,"column":9},"end":{"line":64,"column":3}}],"line":44},"2":{"loc":{"start":{"line":44,"column":6},"end":{"line":44,"column":52}},"type":"binary-expr","locations":[{"start":{"line":44,"column":6},"end":{"line":44,"column":19}},{"start":{"line":44,"column":23},"end":{"line":44,"column":52}}],"line":44},"3":{"loc":{"start":{"line":48,"column":9},"end":{"line":64,"column":3}},"type":"if","locations":[{"start":{"line":48,"column":9},"end":{"line":64,"column":3}},{"start":{"line":52,"column":9},"end":{"line":64,"column":3}}],"line":48},"4":{"loc":{"start":{"line":48,"column":13},"end":{"line":48,"column":100}},"type":"binary-expr","locations":[{"start":{"line":48,"column":13},"end":{"line":48,"column":26}},{"start":{"line":48,"column":31},"end":{"line":48,"column":60}},{"start":{"line":48,"column":64},"end":{"line":48,"column":99}}],"line":48},"5":{"loc":{"start":{"line":52,"column":9},"end":{"line":64,"column":3}},"type":"if","locations":[{"start":{"line":52,"column":9},"end":{"line":64,"column":3}},{"start":{"line":56,"column":9},"end":{"line":64,"column":3}}],"line":52},"6":{"loc":{"start":{"line":52,"column":13},"end":{"line":52,"column":106}},"type":"binary-expr","locations":[{"start":{"line":52,"column":13},"end":{"line":52,"column":26}},{"start":{"line":52,"column":31},"end":{"line":52,"column":60}},{"start":{"line":52,"column":64},"end":{"line":52,"column":105}}],"line":52},"7":{"loc":{"start":{"line":56,"column":9},"end":{"line":64,"column":3}},"type":"if","locations":[{"start":{"line":56,"column":9},"end":{"line":64,"column":3}},{"start":{"line":60,"column":9},"end":{"line":64,"column":3}}],"line":56},"8":{"loc":{"start":{"line":56,"column":13},"end":{"line":56,"column":72}},"type":"binary-expr","locations":[{"start":{"line":56,"column":13},"end":{"line":56,"column":39}},{"start":{"line":56,"column":43},"end":{"line":56,"column":72}}],"line":56},"9":{"loc":{"start":{"line":60,"column":9},"end":{"line":64,"column":3}},"type":"if","locations":[{"start":{"line":60,"column":9},"end":{"line":64,"column":3}},{"start":{},"end":{}}],"line":60},"10":{"loc":{"start":{"line":60,"column":13},"end":{"line":60,"column":79}},"type":"binary-expr","locations":[{"start":{"line":60,"column":13},"end":{"line":60,"column":45}},{"start":{"line":60,"column":49},"end":{"line":60,"column":79}}],"line":60},"11":{"loc":{"start":{"line":62,"column":18},"end":{"line":62,"column":60}},"type":"binary-expr","locations":[{"start":{"line":62,"column":18},"end":{"line":62,"column":31}},{"start":{"line":62,"column":35},"end":{"line":62,"column":60}}],"line":62},"12":{"loc":{"start":{"line":95,"column":31},"end":{"line":95,"column":51}},"type":"default-arg","locations":[{"start":{"line":95,"column":41},"end":{"line":95,"column":51}}],"line":95},"13":{"loc":{"start":{"line":124,"column":27},"end":{"line":124,"column":51}},"type":"default-arg","locations":[{"start":{"line":124,"column":35},"end":{"line":124,"column":51}}],"line":124},"14":{"loc":{"start":{"line":127,"column":15},"end":{"line":127,"column":60}},"type":"binary-expr","locations":[{"start":{"line":127,"column":15},"end":{"line":127,"column":32}},{"start":{"line":127,"column":36},"end":{"line":127,"column":60}}],"line":127},"15":{"loc":{"start":{"line":132,"column":2},"end":{"line":147,"column":3}},"type":"switch","locations":[{"start":{"line":133,"column":4},"end":{"line":135,"column":12}},{"start":{"line":136,"column":4},"end":{"line":138,"column":12}},{"start":{"line":139,"column":4},"end":{"line":141,"column":12}},{"start":{"line":142,"column":4},"end":{"line":144,"column":12}},{"start":{"line":145,"column":4},"end":{"line":146,"column":64}}],"line":132},"16":{"loc":{"start":{"line":172,"column":4},"end":{"line":175,"column":5}},"type":"if","locations":[{"start":{"line":172,"column":4},"end":{"line":175,"column":5}},{"start":{},"end":{}}],"line":172},"17":{"loc":{"start":{"line":172,"column":8},"end":{"line":172,"column":81}},"type":"binary-expr","locations":[{"start":{"line":172,"column":8},"end":{"line":172,"column":22}},{"start":{"line":172,"column":27},"end":{"line":172,"column":46}},{"start":{"line":172,"column":50},"end":{"line":172,"column":64}},{"start":{"line":172,"column":68},"end":{"line":172,"column":80}}],"line":172},"18":{"loc":{"start":{"line":177,"column":4},"end":{"line":193,"column":5}},"type":"if","locations":[{"start":{"line":177,"column":4},"end":{"line":193,"column":5}},{"start":{},"end":{}}],"line":177},"19":{"loc":{"start":{"line":177,"column":8},"end":{"line":177,"column":45}},"type":"binary-expr","locations":[{"start":{"line":177,"column":8},"end":{"line":177,"column":27}},{"start":{"line":177,"column":31},"end":{"line":177,"column":45}}],"line":177},"20":{"loc":{"start":{"line":178,"column":6},"end":{"line":180,"column":7}},"type":"if","locations":[{"start":{"line":178,"column":6},"end":{"line":180,"column":7}},{"start":{},"end":{}}],"line":178},"21":{"loc":{"start":{"line":178,"column":10},"end":{"line":178,"column":51}},"type":"binary-expr","locations":[{"start":{"line":178,"column":10},"end":{"line":178,"column":20}},{"start":{"line":178,"column":24},"end":{"line":178,"column":51}}],"line":178},"22":{"loc":{"start":{"line":182,"column":6},"end":{"line":184,"column":7}},"type":"if","locations":[{"start":{"line":182,"column":6},"end":{"line":184,"column":7}},{"start":{},"end":{}}],"line":182},"23":{"loc":{"start":{"line":182,"column":10},"end":{"line":182,"column":59}},"type":"binary-expr","locations":[{"start":{"line":182,"column":10},"end":{"line":182,"column":25}},{"start":{"line":182,"column":29},"end":{"line":182,"column":59}}],"line":182},"24":{"loc":{"start":{"line":186,"column":6},"end":{"line":188,"column":7}},"type":"if","locations":[{"start":{"line":186,"column":6},"end":{"line":188,"column":7}},{"start":{},"end":{}}],"line":186},"25":{"loc":{"start":{"line":186,"column":10},"end":{"line":186,"column":59}},"type":"binary-expr","locations":[{"start":{"line":186,"column":10},"end":{"line":186,"column":25}},{"start":{"line":186,"column":29},"end":{"line":186,"column":59}}],"line":186},"26":{"loc":{"start":{"line":190,"column":6},"end":{"line":192,"column":7}},"type":"if","locations":[{"start":{"line":190,"column":6},"end":{"line":192,"column":7}},{"start":{},"end":{}}],"line":190},"27":{"loc":{"start":{"line":190,"column":10},"end":{"line":190,"column":53}},"type":"binary-expr","locations":[{"start":{"line":190,"column":10},"end":{"line":190,"column":23}},{"start":{"line":190,"column":27},"end":{"line":190,"column":53}}],"line":190},"28":{"loc":{"start":{"line":196,"column":2},"end":{"line":201,"column":3}},"type":"if","locations":[{"start":{"line":196,"column":2},"end":{"line":201,"column":3}},{"start":{},"end":{}}],"line":196},"29":{"loc":{"start":{"line":226,"column":2},"end":{"line":228,"column":3}},"type":"if","locations":[{"start":{"line":226,"column":2},"end":{"line":228,"column":3}},{"start":{},"end":{}}],"line":226},"30":{"loc":{"start":{"line":230,"column":2},"end":{"line":232,"column":3}},"type":"if","locations":[{"start":{"line":230,"column":2},"end":{"line":232,"column":3}},{"start":{},"end":{}}],"line":230},"31":{"loc":{"start":{"line":234,"column":2},"end":{"line":236,"column":3}},"type":"if","locations":[{"start":{"line":234,"column":2},"end":{"line":236,"column":3}},{"start":{},"end":{}}],"line":234},"32":{"loc":{"start":{"line":235,"column":11},"end":{"line":235,"column":66}},"type":"binary-expr","locations":[{"start":{"line":235,"column":11},"end":{"line":235,"column":24}},{"start":{"line":235,"column":28},"end":{"line":235,"column":66}}],"line":235},"33":{"loc":{"start":{"line":238,"column":2},"end":{"line":240,"column":3}},"type":"if","locations":[{"start":{"line":238,"column":2},"end":{"line":240,"column":3}},{"start":{},"end":{}}],"line":238},"34":{"loc":{"start":{"line":254,"column":2},"end":{"line":256,"column":3}},"type":"if","locations":[{"start":{"line":254,"column":2},"end":{"line":256,"column":3}},{"start":{},"end":{}}],"line":254},"35":{"loc":{"start":{"line":258,"column":2},"end":{"line":260,"column":3}},"type":"if","locations":[{"start":{"line":258,"column":2},"end":{"line":260,"column":3}},{"start":{},"end":{}}],"line":258},"36":{"loc":{"start":{"line":258,"column":6},"end":{"line":258,"column":62}},"type":"binary-expr","locations":[{"start":{"line":258,"column":6},"end":{"line":258,"column":18}},{"start":{"line":258,"column":22},"end":{"line":258,"column":62}}],"line":258}},"s":{"0":4,"1":4,"2":4,"3":105,"4":105,"5":105,"6":105,"7":105,"8":105,"9":1,"10":1,"11":1,"12":104,"13":1,"14":1,"15":1,"16":103,"17":0,"18":0,"19":0,"20":103,"21":1,"22":1,"23":1,"24":102,"25":1,"26":1,"27":1,"28":105,"29":105,"30":51,"31":51,"32":51,"33":51,"34":219,"35":219,"36":114,"37":114,"38":64,"39":64,"40":22,"41":22,"42":19,"43":19,"44":0,"45":1019,"46":1019,"47":1019,"48":54,"49":54,"50":55,"51":55,"52":17,"53":17,"54":38,"55":38,"56":1,"57":38,"58":36,"59":38,"60":1,"61":38,"62":0,"63":54,"64":54,"65":1,"66":1,"67":1,"68":1,"69":1,"70":0,"71":1,"72":1,"73":0,"74":0,"75":0,"76":0,"77":0,"78":2,"79":2,"80":2,"81":1,"82":1,"83":0,"84":1,"85":4},"f":{"0":105,"1":51,"2":219,"3":1019,"4":54,"5":1,"6":1,"7":1,"8":2},"b":{"0":[0],"1":[1,104],"2":[105,105],"3":[1,103],"4":[104,104,103],"5":[0,103],"6":[103,103,103],"7":[1,102],"8":[103,102],"9":[1,101],"10":[102,102],"11":[1,0],"12":[0],"13":[0],"14":[219,63],"15":[114,64,22,19,0],"16":[17,38],"17":[55,52,50,50],"18":[38,0],"19":[38,38],"20":[1,37],"21":[38,36],"22":[36,2],"23":[38,37],"24":[1,37],"25":[38,2],"26":[0,38],"27":[38,0],"28":[54,0],"29":[0,1],"30":[1,0],"31":[0,0],"32":[0,0],"33":[0,0],"34":[1,1],"35":[0,1],"36":[1,0]},"_coverageSchema":"1a1c01bbd47fc00a2c39e90264f33305004495a9","hash":"60f3b16cf257c7cb332b6810685627a3a667c816"}
}
