TN:
SF:src/index.js
FNF:0
FNH:0
DA:1,2
DA:2,2
DA:3,2
DA:5,2
DA:8,2
DA:9,2
DA:11,2
LF:7
LH:7
BRF:0
BRH:0
end_of_record
TN:
SF:src/agents/memoryArchaeologist.js
FN:59,createInterviewContext
FN:81,generateSessionId
FN:93,extractKnowledgeFromResponses
FN:96,(anonymous_3)
FN:114,(anonymous_4)
FN:142,extractTagsFromContent
FN:154,(anonymous_6)
FN:163,(anonymous_7)
FN:169,(anonymous_8)
FN:185,calculateResponseConfidence
FN:190,(anonymous_10)
FN:219,formatKnowledgeForStorage
FN:252,getInterviewQuestions
FN:257,(anonymous_13)
FN:270,validateAgentConfiguration
FNF:15
FNH:15
FNDA:16,createInterviewContext
FNDA:18,generateSessionId
FNDA:12,extractKnowledgeFromResponses
FNDA:18,(anonymous_3)
FNDA:4,(anonymous_4)
FNDA:16,extractTagsFromContent
FNDA:240,(anonymous_6)
FNDA:6,(anonymous_7)
FNDA:19,(anonymous_8)
FNDA:15,calculateResponseConfidence
FNDA:20,(anonymous_10)
FNDA:10,formatKnowledgeForStorage
FNDA:3,getInterviewQuestions
FNDA:1,(anonymous_13)
FNDA:2,validateAgentConfiguration
DA:6,3
DA:7,3
DA:8,3
DA:13,3
DA:23,3
DA:66,16
DA:68,16
DA:82,18
DA:83,18
DA:84,18
DA:94,12
DA:96,12
DA:97,18
DA:101,12
DA:104,12
DA:106,12
DA:114,4
DA:117,12
DA:124,12
DA:127,0
DA:133,0
DA:143,16
DA:146,16
DA:152,16
DA:154,16
DA:155,240
DA:156,45
DA:161,16
DA:162,16
DA:163,6
DA:167,16
DA:168,16
DA:169,6
DA:170,19
DA:171,19
DA:172,18
DA:177,16
DA:186,15
DA:188,13
DA:190,13
DA:191,20
DA:194,20
DA:195,20
DA:196,9
DA:197,6
DA:200,20
DA:201,20
DA:202,20
DA:205,20
DA:206,20
DA:208,20
DA:211,13
DA:220,10
DA:240,10
DA:253,3
DA:256,3
DA:257,1
DA:258,1
DA:260,1
DA:263,2
DA:271,2
DA:273,2
DA:274,2
DA:275,2
DA:277,2
DA:278,1
DA:281,2
DA:282,1
DA:285,2
DA:292,3
LF:70
LH:68
BRDA:62,0,0,5
BRDA:63,1,0,4
BRDA:64,2,0,10
BRDA:65,3,0,16
BRDA:155,4,0,45
BRDA:155,4,1,195
BRDA:162,5,0,4
BRDA:162,5,1,12
BRDA:168,6,0,6
BRDA:168,6,1,10
BRDA:171,7,0,18
BRDA:171,7,1,1
BRDA:171,8,0,19
BRDA:171,8,1,18
BRDA:186,9,0,2
BRDA:186,9,1,13
BRDA:186,10,0,15
BRDA:186,10,1,15
BRDA:194,11,0,19
BRDA:194,11,1,1
BRDA:195,12,0,11
BRDA:195,12,1,9
BRDA:196,13,0,3
BRDA:196,13,1,6
BRDA:197,14,0,2
BRDA:197,14,1,4
BRDA:200,15,0,2
BRDA:200,15,1,18
BRDA:200,16,0,20
BRDA:200,16,1,19
BRDA:201,17,0,8
BRDA:201,17,1,12
BRDA:201,18,0,20
BRDA:201,18,1,19
BRDA:202,19,0,1
BRDA:202,19,1,19
BRDA:202,20,0,20
BRDA:202,20,1,19
BRDA:205,21,0,20
BRDA:205,21,1,10
BRDA:252,22,0,0
BRDA:253,23,0,3
BRDA:253,23,1,0
BRDA:256,24,0,1
BRDA:256,24,1,2
BRDA:256,25,0,3
BRDA:256,25,1,2
BRDA:273,26,0,0
BRDA:273,26,1,2
BRDA:274,27,0,0
BRDA:274,27,1,2
BRDA:275,28,0,0
BRDA:275,28,1,2
BRDA:277,29,0,1
BRDA:277,29,1,1
BRDA:281,30,0,1
BRDA:281,30,1,1
BRF:57
BRH:52
end_of_record
TN:
SF:src/models/index.js
FN:9,(anonymous_0)
FN:29,(anonymous_1)
FN:51,(anonymous_2)
FN:65,(anonymous_3)
FN:82,(anonymous_4)
FN:106,(anonymous_5)
FN:120,(anonymous_6)
FN:138,(anonymous_7)
FN:152,(anonymous_8)
FN:168,(anonymous_9)
FN:179,(anonymous_10)
FN:191,(anonymous_11)
FN:209,(anonymous_12)
FN:219,(anonymous_13)
FN:231,(anonymous_14)
FN:240,(anonymous_15)
FN:251,(anonymous_16)
FNF:17
FNH:14
FNDA:114,(anonymous_0)
FNDA:102,(anonymous_1)
FNDA:16,(anonymous_2)
FNDA:0,(anonymous_3)
FNDA:1725,(anonymous_4)
FNDA:0,(anonymous_5)
FNDA:2828,(anonymous_6)
FNDA:139,(anonymous_7)
FNDA:100,(anonymous_8)
FNDA:142,(anonymous_9)
FNDA:131,(anonymous_10)
FNDA:102,(anonymous_11)
FNDA:102,(anonymous_12)
FNDA:0,(anonymous_13)
FNDA:102,(anonymous_14)
FNDA:172,(anonymous_15)
FNDA:101,(anonymous_16)
DA:19,114
DA:20,114
DA:21,114
DA:22,114
DA:23,114
DA:24,114
DA:25,114
DA:26,114
DA:30,102
DA:32,102
DA:33,102
DA:34,102
DA:35,102
DA:36,102
DA:37,0
DA:40,102
DA:58,16
DA:59,16
DA:60,16
DA:61,16
DA:62,16
DA:66,0
DA:68,0
DA:69,0
DA:71,0
DA:94,1725
DA:95,1725
DA:96,1725
DA:97,1725
DA:98,1725
DA:99,1725
DA:100,1725
DA:101,1725
DA:102,1725
DA:103,1725
DA:107,0
DA:109,0
DA:110,0
DA:111,0
DA:112,0
DA:114,0
DA:121,2828
DA:122,2828
DA:123,2828
DA:127,2828
DA:130,2828
DA:145,139
DA:146,139
DA:147,139
DA:148,139
DA:149,139
DA:153,100
DA:155,100
DA:156,100
DA:157,100
DA:158,100
DA:159,0
DA:162,100
DA:169,142
DA:170,26
DA:171,16
DA:185,131
DA:186,131
DA:187,131
DA:188,131
DA:192,102
DA:194,102
DA:195,102
DA:196,102
DA:198,102
DA:214,102
DA:215,102
DA:216,102
DA:220,0
DA:222,0
DA:223,0
DA:225,0
DA:232,102
DA:245,172
DA:246,172
DA:247,172
DA:248,172
DA:252,101
DA:254,101
DA:255,101
DA:257,101
DA:264,8
LF:87
LH:71
BRDA:14,0,0,2
BRDA:15,1,0,102
BRDA:16,2,0,2
BRDA:17,3,0,2
BRDA:32,4,0,1
BRDA:32,4,1,101
BRDA:33,5,0,1
BRDA:33,5,1,101
BRDA:34,6,0,1
BRDA:34,6,1,101
BRDA:35,7,0,1
BRDA:35,7,1,101
BRDA:36,8,0,0
BRDA:36,8,1,102
BRDA:36,9,0,102
BRDA:36,9,1,102
BRDA:55,10,0,0
BRDA:68,11,0,0
BRDA:68,11,1,0
BRDA:69,12,0,0
BRDA:69,12,1,0
BRDA:91,13,0,0
BRDA:92,14,0,0
BRDA:109,15,0,0
BRDA:109,15,1,0
BRDA:110,16,0,0
BRDA:110,16,1,0
BRDA:111,17,0,0
BRDA:111,17,1,0
BRDA:112,18,0,0
BRDA:112,18,1,0
BRDA:121,19,0,2734
BRDA:121,19,1,94
BRDA:143,20,0,0
BRDA:155,21,0,0
BRDA:155,21,1,100
BRDA:156,22,0,0
BRDA:156,22,1,100
BRDA:157,23,0,0
BRDA:157,23,1,100
BRDA:158,24,0,0
BRDA:158,24,1,100
BRDA:169,25,0,116
BRDA:169,25,1,26
BRDA:169,26,0,142
BRDA:169,26,1,116
BRDA:170,27,0,10
BRDA:170,27,1,16
BRDA:170,28,0,26
BRDA:170,28,1,10
BRDA:181,29,0,17
BRDA:182,30,0,114
BRDA:183,31,0,117
BRDA:194,32,0,0
BRDA:194,32,1,102
BRDA:195,33,0,0
BRDA:195,33,1,102
BRDA:195,34,0,102
BRDA:195,34,1,101
BRDA:196,35,0,0
BRDA:196,35,1,102
BRDA:196,36,0,102
BRDA:196,36,1,1
BRDA:212,37,0,102
BRDA:222,38,0,0
BRDA:222,38,1,0
BRDA:223,39,0,0
BRDA:223,39,1,0
BRDA:223,40,0,0
BRDA:223,40,1,0
BRDA:232,41,0,102
BRDA:232,41,1,102
BRDA:243,42,0,72
BRDA:254,43,0,0
BRDA:254,43,1,101
BRDA:255,44,0,0
BRDA:255,44,1,101
BRF:77
BRH:45
end_of_record
TN:
SF:src/scanners/backgroundScanner.js
FN:13,scanForGaps
FN:67,(anonymous_1)
FN:85,getActiveUsers
FN:97,(anonymous_3)
FN:119,identifyZombieTickets
FN:165,calculateDocumentationRatio
FN:168,(anonymous_6)
FN:180,extractDocumentationLinks
FN:188,(anonymous_8)
FN:203,generateRecommendedActions
FN:231,logKnowledgeGapNotification
FNF:11
FNH:11
FNDA:29,scanForGaps
FNDA:39,(anonymous_1)
FNDA:29,getActiveUsers
FNDA:172,(anonymous_3)
FNDA:40,identifyZombieTickets
FNDA:90,calculateDocumentationRatio
FNDA:1613,(anonymous_6)
FNDA:1115,extractDocumentationLinks
FNDA:3,(anonymous_8)
FNDA:142,generateRecommendedActions
FNDA:36,logKnowledgeGapNotification
DA:1,4
DA:2,4
DA:14,29
DA:15,29
DA:18,29
DA:19,29
DA:21,29
DA:23,29
DA:24,39
DA:26,39
DA:28,39
DA:30,39
DA:33,39
DA:39,39
DA:47,39
DA:50,39
DA:51,15
DA:55,0
DA:59,29
DA:61,29
DA:67,39
DA:72,0
DA:73,0
DA:86,29
DA:88,29
DA:89,29
DA:91,24
DA:92,0
DA:96,24
DA:97,24
DA:98,172
DA:99,172
DA:106,24
DA:109,5
DA:110,5
DA:120,40
DA:122,40
DA:123,40
DA:125,40
DA:126,0
DA:129,40
DA:131,40
DA:132,1114
DA:146,1114
DA:147,1114
DA:148,1104
DA:152,40
DA:155,0
DA:156,0
DA:166,90
DA:168,90
DA:169,1613
DA:172,90
DA:181,1115
DA:184,1105
DA:185,1105
DA:188,1105
DA:189,3
DA:190,3
DA:204,142
DA:206,142
DA:207,58
DA:208,58
DA:209,58
DA:210,84
DA:211,48
DA:212,48
DA:213,48
DA:215,36
DA:216,36
DA:219,142
DA:220,51
DA:223,142
DA:232,36
DA:247,36
DA:250,36
DA:253,4
LF:77
LH:70
BRDA:28,0,0,39
BRDA:28,0,1,0
BRDA:50,1,0,15
BRDA:50,1,1,24
BRDA:91,2,0,0
BRDA:91,2,1,24
BRDA:91,3,0,24
BRDA:91,3,1,24
BRDA:98,4,0,172
BRDA:98,4,1,0
BRDA:98,5,0,172
BRDA:98,5,1,172
BRDA:101,6,0,172
BRDA:101,6,1,0
BRDA:125,7,0,0
BRDA:125,7,1,40
BRDA:125,8,0,40
BRDA:125,8,1,40
BRDA:136,9,0,1114
BRDA:136,9,1,10
BRDA:141,10,0,1114
BRDA:141,10,1,0
BRDA:142,11,0,1114
BRDA:142,11,1,10
BRDA:147,12,0,1104
BRDA:147,12,1,10
BRDA:166,13,0,0
BRDA:166,13,1,90
BRDA:181,14,0,10
BRDA:181,14,1,1105
BRDA:185,15,0,1105
BRDA:185,15,1,1103
BRDA:190,16,0,3
BRDA:190,16,1,1
BRDA:190,16,2,0
BRDA:190,16,3,0
BRDA:206,17,0,58
BRDA:206,17,1,84
BRDA:210,18,0,48
BRDA:210,18,1,36
BRDA:219,19,0,51
BRDA:219,19,1,91
BRF:42
BRH:33
end_of_record
TN:
SF:src/services/confluenceService.js
FN:14,saveToConfluence
FN:112,validatePermissions
FN:129,formatContent
FN:157,formatTextToHtml
FN:163,(anonymous_4)
FN:169,(anonymous_5)
FN:170,(anonymous_6)
FN:178,(anonymous_7)
FN:187,escapeHtml
FN:196,(anonymous_9)
FN:204,buildPageUrl
FN:220,formatKnowledgeArtifact
FN:239,(anonymous_12)
FNF:13
FNH:13
FNDA:29,saveToConfluence
FNDA:30,validatePermissions
FNDA:14,formatContent
FNDA:16,formatTextToHtml
FNDA:49,(anonymous_4)
FNDA:32,(anonymous_5)
FNDA:28,(anonymous_6)
FNDA:49,(anonymous_7)
FNDA:169,escapeHtml
FNDA:48,(anonymous_9)
FNDA:65,buildPageUrl
FNDA:1,formatKnowledgeArtifact
FNDA:2,(anonymous_12)
DA:1,5
DA:2,5
DA:15,29
DA:16,29
DA:19,28
DA:20,4
DA:26,24
DA:29,24
DA:30,24
DA:31,11
DA:38,13
DA:41,13
DA:55,13
DA:64,13
DA:65,13
DA:67,13
DA:69,13
DA:75,0
DA:83,16
DA:86,16
DA:87,11
DA:93,5
DA:94,4
DA:101,1
DA:113,30
DA:115,30
DA:116,21
DA:118,9
DA:119,9
DA:131,14
DA:133,14
DA:149,14
DA:158,16
DA:161,16
DA:164,49
DA:167,49
DA:168,13
DA:169,32
DA:170,28
DA:172,13
DA:176,36
DA:178,49
DA:188,169
DA:196,169
DA:205,65
DA:207,14
DA:211,51
DA:212,51
DA:229,1
DA:231,1
DA:239,2
DA:253,1
DA:256,5
LF:53
LH:52
BRDA:19,0,0,4
BRDA:19,0,1,24
BRDA:19,1,0,28
BRDA:19,1,1,25
BRDA:30,2,0,11
BRDA:30,2,1,13
BRDA:64,3,0,13
BRDA:64,3,1,0
BRDA:64,4,0,13
BRDA:64,4,1,13
BRDA:86,5,0,11
BRDA:86,5,1,5
BRDA:86,6,0,16
BRDA:86,6,1,5
BRDA:93,7,0,4
BRDA:93,7,1,1
BRDA:158,8,0,0
BRDA:158,8,1,16
BRDA:164,9,0,0
BRDA:164,9,1,49
BRDA:167,10,0,13
BRDA:167,10,1,36
BRDA:167,11,0,49
BRDA:167,11,1,48
BRDA:205,12,0,14
BRDA:205,12,1,51
BRDA:205,13,0,65
BRDA:205,13,1,14
BRDA:211,14,0,51
BRDA:211,14,1,0
BRDA:224,15,0,0
BRDA:227,16,0,0
BRDA:239,17,0,1
BRDA:239,17,1,0
BRDA:240,18,0,1
BRDA:240,18,1,0
BRF:36
BRH:28
end_of_record
TN:
SF:src/utils/errorHandler.js
FN:35,handleApiError
FN:95,handle403Error
FN:124,logError
FN:154,generateErrorId
FN:166,validateInput
FN:210,withErrorHandling
FN:211,(anonymous_6)
FN:225,formatErrorMessage
FN:250,isRetryableError
FNF:9
FNH:9
FNDA:105,handleApiError
FNDA:51,handle403Error
FNDA:219,logError
FNDA:1019,generateErrorId
FNDA:54,validateInput
FNDA:1,withErrorHandling
FNDA:1,(anonymous_6)
FNDA:1,formatErrorMessage
FNDA:2,isRetryableError
DA:1,4
DA:11,4
DA:21,4
DA:36,105
DA:37,105
DA:40,105
DA:41,105
DA:42,105
DA:44,105
DA:45,1
DA:46,1
DA:47,1
DA:48,104
DA:49,1
DA:50,1
DA:51,1
DA:52,103
DA:53,0
DA:54,0
DA:55,0
DA:56,103
DA:57,1
DA:58,1
DA:59,1
DA:60,102
DA:61,1
DA:62,1
DA:63,1
DA:67,105
DA:80,105
DA:96,51
DA:97,51
DA:100,51
DA:110,51
DA:125,219
DA:132,219
DA:134,114
DA:135,114
DA:137,64
DA:138,64
DA:140,22
DA:141,22
DA:143,19
DA:144,19
DA:146,0
DA:155,1019
DA:156,1019
DA:157,1019
DA:167,54
DA:169,54
DA:170,55
DA:172,55
DA:173,17
DA:174,17
DA:177,38
DA:178,38
DA:179,1
DA:182,38
DA:183,36
DA:186,38
DA:187,1
DA:190,38
DA:191,0
DA:196,54
DA:197,54
DA:211,1
DA:212,1
DA:213,1
DA:215,1
DA:226,1
DA:227,0
DA:230,1
DA:231,1
DA:234,0
DA:235,0
DA:238,0
DA:239,0
DA:242,0
DA:251,2
DA:252,2
DA:254,2
DA:255,1
DA:258,1
DA:259,0
DA:262,1
DA:265,4
LF:86
LH:74
BRDA:35,0,0,0
BRDA:44,1,0,1
BRDA:44,1,1,104
BRDA:44,2,0,105
BRDA:44,2,1,105
BRDA:48,3,0,1
BRDA:48,3,1,103
BRDA:48,4,0,104
BRDA:48,4,1,104
BRDA:48,4,2,103
BRDA:52,5,0,0
BRDA:52,5,1,103
BRDA:52,6,0,103
BRDA:52,6,1,103
BRDA:52,6,2,103
BRDA:56,7,0,1
BRDA:56,7,1,102
BRDA:56,8,0,103
BRDA:56,8,1,102
BRDA:60,9,0,1
BRDA:60,9,1,101
BRDA:60,10,0,102
BRDA:60,10,1,102
BRDA:62,11,0,1
BRDA:62,11,1,0
BRDA:95,12,0,0
BRDA:124,13,0,0
BRDA:127,14,0,219
BRDA:127,14,1,63
BRDA:132,15,0,114
BRDA:132,15,1,64
BRDA:132,15,2,22
BRDA:132,15,3,19
BRDA:132,15,4,0
BRDA:172,16,0,17
BRDA:172,16,1,38
BRDA:172,17,0,55
BRDA:172,17,1,52
BRDA:172,17,2,50
BRDA:172,17,3,50
BRDA:177,18,0,38
BRDA:177,18,1,0
BRDA:177,19,0,38
BRDA:177,19,1,38
BRDA:178,20,0,1
BRDA:178,20,1,37
BRDA:178,21,0,38
BRDA:178,21,1,36
BRDA:182,22,0,36
BRDA:182,22,1,2
BRDA:182,23,0,38
BRDA:182,23,1,37
BRDA:186,24,0,1
BRDA:186,24,1,37
BRDA:186,25,0,38
BRDA:186,25,1,2
BRDA:190,26,0,0
BRDA:190,26,1,38
BRDA:190,27,0,38
BRDA:190,27,1,0
BRDA:196,28,0,54
BRDA:196,28,1,0
BRDA:226,29,0,0
BRDA:226,29,1,1
BRDA:230,30,0,1
BRDA:230,30,1,0
BRDA:234,31,0,0
BRDA:234,31,1,0
BRDA:235,32,0,0
BRDA:235,32,1,0
BRDA:238,33,0,0
BRDA:238,33,1,0
BRDA:254,34,0,1
BRDA:254,34,1,1
BRDA:258,35,0,0
BRDA:258,35,1,1
BRDA:258,36,0,1
BRDA:258,36,1,0
BRF:78
BRH:58
end_of_record
